<?xml version="1.0" encoding="UTF-8"?>
<testsuite name="JUnit Jupiter" tests="1" skipped="0" failures="0" errors="0" time="0.469" hostname="DESKTOP-2K67CMT" timestamp="2021-10-04T10:52:19">
<properties>
[...]
</properties>
<testcase name="test_getUser()" classname="tourGuide.service.TourGuideServiceTest" time="0.371">
<system-out><![CDATA[
unique-id: [engine:junit-jupiter]/[class:tourGuide.service.TourGuideServiceTest]/[method:test_getUser()]
display-name: test_getUser()
]]></system-out>
</testcase>
<system-out><![CDATA[
unique-id: [engine:junit-jupiter]
display-name: JUnit Jupiter
]]></system-out>
</testsuite>
