<?xml version="1.0" encoding="UTF-8"?>
<testsuite name="tourGuide.TestPerformance" tests="2" skipped="0" failures="0" errors="0" timestamp="2021-09-29T16:31:36" hostname="DESKTOP-2K67CMT" time="59.379">
  <properties/>
  <testcase name="highVolumeTrackLocation" classname="tourGuide.TestPerformance" time="8.315"/>
  <testcase name="highVolumeGetRewards" classname="tourGuide.TestPerformance" time="51.064"/>
  <system-out><![CDATA[18:31:36.670 [Test worker] INFO tourGuide.service.TourGuideService - TestMode enabled
18:31:36.678 [Test worker] DEBUG tourGuide.service.TourGuideService - Initializing users
18:31:37.151 [Test worker] DEBUG tourGuide.service.TourGuideService - Created 100 internal test users.
18:31:37.152 [Test worker] DEBUG tourGuide.service.TourGuideService - Finished initializing users
18:31:37.179 [pool-1-thread-1] INFO tourGuide.tracker.Tracker - Begin Tracker. Tracking 100 users.
18:31:37.183 [pool-1-thread-1] INFO tourGuide.service.TourGuideService - ********** Processing **********
18:31:37.183 [pool-1-thread-1] INFO tourGuide.service.TourGuideService - ** Processing to track user location. User: internalUser78
18:31:37.191 [Test worker] INFO tourGuide.service.TourGuideService - ********** Processing **********
18:31:37.193 [Test worker] INFO tourGuide.service.TourGuideService - ** Processing to track user location. User: internalUser78
18:31:37.233 [pool-1-thread-1] INFO tourGuide.service.RewardsService - ********** Processing **********
18:31:37.236 [pool-1-thread-1] INFO tourGuide.service.RewardsService - ** Processing to calculate rewards. User: internalUser78
18:31:37.261 [pool-1-thread-1] INFO tourGuide.service.RewardsService - ** User rewards found: 0
18:31:37.261 [pool-1-thread-1] INFO tourGuide.service.TourGuideService - ********** Processing **********
18:31:37.261 [pool-1-thread-1] INFO tourGuide.service.TourGuideService - ** Processing to track user location. User: internalUser77
18:31:37.280 [Test worker] INFO tourGuide.service.RewardsService - ********** Processing **********
18:31:37.280 [Test worker] INFO tourGuide.service.RewardsService - ** Processing to calculate rewards. User: internalUser78
18:31:37.291 [Test worker] INFO tourGuide.service.RewardsService - ** User rewards found: 0
18:31:37.291 [Test worker] INFO tourGuide.service.TourGuideService - ********** Processing **********
18:31:37.291 [Test worker] INFO tourGuide.service.TourGuideService - ** Processing to track user location. User: internalUser77
18:31:37.352 [Test worker] INFO tourGuide.service.RewardsService - ********** Processing **********
18:31:37.352 [Test worker] INFO tourGuide.service.RewardsService - ** Processing to calculate rewards. User: internalUser77
18:31:37.360 [pool-1-thread-1] INFO tourGuide.service.RewardsService - ********** Processing **********
18:31:37.360 [pool-1-thread-1] INFO tourGuide.service.RewardsService - ** Processing to calculate rewards. User: internalUser77
18:31:37.364 [Test worker] INFO tourGuide.service.RewardsService - ** User rewards found: 0
18:31:37.364 [Test worker] INFO tourGuide.service.TourGuideService - ********** Processing **********
18:31:37.364 [Test worker] INFO tourGuide.service.TourGuideService - ** Processing to track user location. User: internalUser79
18:31:37.372 [pool-1-thread-1] INFO tourGuide.service.RewardsService - ** User rewards found: 0
18:31:37.372 [pool-1-thread-1] INFO tourGuide.service.TourGuideService - ********** Processing **********
18:31:37.372 [pool-1-thread-1] INFO tourGuide.service.TourGuideService - ** Processing to track user location. User: internalUser79
18:31:37.452 [pool-1-thread-1] INFO tourGuide.service.RewardsService - ********** Processing **********
18:31:37.452 [pool-1-thread-1] INFO tourGuide.service.RewardsService - ** Processing to calculate rewards. User: internalUser79
18:31:37.463 [Test worker] INFO tourGuide.service.RewardsService - ********** Processing **********
18:31:37.463 [Test worker] INFO tourGuide.service.RewardsService - ** Processing to calculate rewards. User: internalUser79
18:31:37.465 [pool-1-thread-1] INFO tourGuide.service.RewardsService - ** User rewards found: 0
18:31:37.465 [pool-1-thread-1] INFO tourGuide.service.TourGuideService - ********** Processing **********
18:31:37.465 [pool-1-thread-1] INFO tourGuide.service.TourGuideService - ** Processing to track user location. User: internalUser74
18:31:37.474 [Test worker] INFO tourGuide.service.RewardsService - ** User rewards found: 0
18:31:37.474 [Test worker] INFO tourGuide.service.TourGuideService - ********** Processing **********
18:31:37.474 [Test worker] INFO tourGuide.service.TourGuideService - ** Processing to track user location. User: internalUser74
18:31:37.530 [pool-1-thread-1] INFO tourGuide.service.RewardsService - ********** Processing **********
18:31:37.531 [pool-1-thread-1] INFO tourGuide.service.RewardsService - ** Processing to calculate rewards. User: internalUser74
18:31:37.547 [pool-1-thread-1] INFO tourGuide.service.RewardsService - ** User rewards found: 0
18:31:37.547 [pool-1-thread-1] INFO tourGuide.service.TourGuideService - ********** Processing **********
18:31:37.547 [pool-1-thread-1] INFO tourGuide.service.TourGuideService - ** Processing to track user location. User: internalUser73
18:31:37.548 [Test worker] INFO tourGuide.service.RewardsService - ********** Processing **********
18:31:37.548 [Test worker] INFO tourGuide.service.RewardsService - ** Processing to calculate rewards. User: internalUser74
18:31:37.559 [Test worker] INFO tourGuide.service.RewardsService - ** User rewards found: 0
18:31:37.559 [Test worker] INFO tourGuide.service.TourGuideService - ********** Processing **********
18:31:37.560 [Test worker] INFO tourGuide.service.TourGuideService - ** Processing to track user location. User: internalUser73
18:31:37.584 [pool-1-thread-1] INFO tourGuide.service.RewardsService - ********** Processing **********
18:31:37.585 [pool-1-thread-1] INFO tourGuide.service.RewardsService - ** Processing to calculate rewards. User: internalUser73
18:31:37.591 [Test worker] INFO tourGuide.service.RewardsService - ********** Processing **********
18:31:37.591 [Test worker] INFO tourGuide.service.RewardsService - ** Processing to calculate rewards. User: internalUser73
18:31:37.595 [pool-1-thread-1] INFO tourGuide.service.RewardsService - ** User rewards found: 0
18:31:37.595 [pool-1-thread-1] INFO tourGuide.service.TourGuideService - ********** Processing **********
18:31:37.596 [pool-1-thread-1] INFO tourGuide.service.TourGuideService - ** Processing to track user location. User: internalUser76
18:31:37.602 [Test worker] INFO tourGuide.service.RewardsService - ** User rewards found: 0
18:31:37.602 [Test worker] INFO tourGuide.service.TourGuideService - ********** Processing **********
18:31:37.602 [Test worker] INFO tourGuide.service.TourGuideService - ** Processing to track user location. User: internalUser76
18:31:37.655 [pool-1-thread-1] INFO tourGuide.service.RewardsService - ********** Processing **********
18:31:37.655 [pool-1-thread-1] INFO tourGuide.service.RewardsService - ** Processing to calculate rewards. User: internalUser76
18:31:37.665 [pool-1-thread-1] INFO tourGuide.service.RewardsService - ** User rewards found: 0
18:31:37.666 [pool-1-thread-1] INFO tourGuide.service.TourGuideService - ********** Processing **********
18:31:37.666 [pool-1-thread-1] INFO tourGuide.service.TourGuideService - ** Processing to track user location. User: internalUser75
18:31:37.692 [Test worker] INFO tourGuide.service.RewardsService - ********** Processing **********
18:31:37.692 [Test worker] INFO tourGuide.service.RewardsService - ** Processing to calculate rewards. User: internalUser76
18:31:37.702 [Test worker] INFO tourGuide.service.RewardsService - ** User rewards found: 0
18:31:37.703 [Test worker] INFO tourGuide.service.TourGuideService - ********** Processing **********
18:31:37.703 [Test worker] INFO tourGuide.service.TourGuideService - ** Processing to track user location. User: internalUser75
18:31:37.748 [pool-1-thread-1] INFO tourGuide.service.RewardsService - ********** Processing **********
18:31:37.748 [pool-1-thread-1] INFO tourGuide.service.RewardsService - ** Processing to calculate rewards. User: internalUser75
18:31:37.758 [pool-1-thread-1] INFO tourGuide.service.RewardsService - ** User rewards found: 0
18:31:37.758 [pool-1-thread-1] INFO tourGuide.service.TourGuideService - ********** Processing **********
18:31:37.758 [pool-1-thread-1] INFO tourGuide.service.TourGuideService - ** Processing to track user location. User: internalUser70
18:31:37.763 [Test worker] INFO tourGuide.service.RewardsService - ********** Processing **********
18:31:37.763 [Test worker] INFO tourGuide.service.RewardsService - ** Processing to calculate rewards. User: internalUser75
18:31:37.774 [Test worker] INFO tourGuide.service.RewardsService - ** User rewards found: 0
18:31:37.774 [Test worker] INFO tourGuide.service.TourGuideService - ********** Processing **********
18:31:37.774 [Test worker] INFO tourGuide.service.TourGuideService - ** Processing to track user location. User: internalUser70
18:31:37.853 [pool-1-thread-1] INFO tourGuide.service.RewardsService - ********** Processing **********
18:31:37.853 [pool-1-thread-1] INFO tourGuide.service.RewardsService - ** Processing to calculate rewards. User: internalUser70
18:31:37.865 [pool-1-thread-1] INFO tourGuide.service.RewardsService - ** User rewards found: 0
18:31:37.865 [pool-1-thread-1] INFO tourGuide.service.TourGuideService - ********** Processing **********
18:31:37.865 [pool-1-thread-1] INFO tourGuide.service.TourGuideService - ** Processing to track user location. User: internalUser72
18:31:37.865 [Test worker] INFO tourGuide.service.RewardsService - ********** Processing **********
18:31:37.865 [Test worker] INFO tourGuide.service.RewardsService - ** Processing to calculate rewards. User: internalUser70
18:31:37.876 [Test worker] INFO tourGuide.service.RewardsService - ** User rewards found: 0
18:31:37.877 [Test worker] INFO tourGuide.service.TourGuideService - ********** Processing **********
18:31:37.877 [Test worker] INFO tourGuide.service.TourGuideService - ** Processing to track user location. User: internalUser72
18:31:37.914 [Test worker] INFO tourGuide.service.RewardsService - ********** Processing **********
18:31:37.914 [Test worker] INFO tourGuide.service.RewardsService - ** Processing to calculate rewards. User: internalUser72
18:31:37.925 [Test worker] INFO tourGuide.service.RewardsService - ** User rewards found: 0
18:31:37.925 [Test worker] INFO tourGuide.service.TourGuideService - ********** Processing **********
18:31:37.925 [Test worker] INFO tourGuide.service.TourGuideService - ** Processing to track user location. User: internalUser71
18:31:37.958 [pool-1-thread-1] INFO tourGuide.service.RewardsService - ********** Processing **********
18:31:37.958 [pool-1-thread-1] INFO tourGuide.service.RewardsService - ** Processing to calculate rewards. User: internalUser72
18:31:37.969 [pool-1-thread-1] INFO tourGuide.service.RewardsService - ** User rewards found: 0
18:31:37.969 [pool-1-thread-1] INFO tourGuide.service.TourGuideService - ********** Processing **********
18:31:37.969 [pool-1-thread-1] INFO tourGuide.service.TourGuideService - ** Processing to track user location. User: internalUser71
18:31:38.005 [Test worker] INFO tourGuide.service.RewardsService - ********** Processing **********
18:31:38.005 [Test worker] INFO tourGuide.service.RewardsService - ** Processing to calculate rewards. User: internalUser71
18:31:38.016 [Test worker] INFO tourGuide.service.RewardsService - ** User rewards found: 0
18:31:38.016 [Test worker] INFO tourGuide.service.TourGuideService - ********** Processing **********
18:31:38.016 [Test worker] INFO tourGuide.service.TourGuideService - ** Processing to track user location. User: internalUser90
18:31:38.050 [Test worker] INFO tourGuide.service.RewardsService - ********** Processing **********
18:31:38.051 [Test worker] INFO tourGuide.service.RewardsService - ** Processing to calculate rewards. User: internalUser90
18:31:38.062 [Test worker] INFO tourGuide.service.RewardsService - ** User rewards found: 0
18:31:38.062 [Test worker] INFO tourGuide.service.TourGuideService - ********** Processing **********
18:31:38.062 [Test worker] INFO tourGuide.service.TourGuideService - ** Processing to track user location. User: internalUser89
18:31:38.069 [pool-1-thread-1] INFO tourGuide.service.RewardsService - ********** Processing **********
18:31:38.069 [pool-1-thread-1] INFO tourGuide.service.RewardsService - ** Processing to calculate rewards. User: internalUser71
18:31:38.080 [pool-1-thread-1] INFO tourGuide.service.RewardsService - ** User rewards found: 0
18:31:38.080 [pool-1-thread-1] INFO tourGuide.service.TourGuideService - ********** Processing **********
18:31:38.080 [pool-1-thread-1] INFO tourGuide.service.TourGuideService - ** Processing to track user location. User: internalUser90
18:31:38.122 [pool-1-thread-1] INFO tourGuide.service.RewardsService - ********** Processing **********
18:31:38.123 [pool-1-thread-1] INFO tourGuide.service.RewardsService - ** Processing to calculate rewards. User: internalUser90
18:31:38.133 [pool-1-thread-1] INFO tourGuide.service.RewardsService - ** User rewards found: 0
18:31:38.133 [pool-1-thread-1] INFO tourGuide.service.TourGuideService - ********** Processing **********
18:31:38.133 [pool-1-thread-1] INFO tourGuide.service.TourGuideService - ** Processing to track user location. User: internalUser89
18:31:38.145 [Test worker] INFO tourGuide.service.RewardsService - ********** Processing **********
18:31:38.145 [Test worker] INFO tourGuide.service.RewardsService - ** Processing to calculate rewards. User: internalUser89
18:31:38.156 [Test worker] INFO tourGuide.service.RewardsService - ** User rewards found: 0
18:31:38.156 [Test worker] INFO tourGuide.service.TourGuideService - ********** Processing **********
18:31:38.156 [Test worker] INFO tourGuide.service.TourGuideService - ** Processing to track user location. User: internalUser88
18:31:38.207 [Test worker] INFO tourGuide.service.RewardsService - ********** Processing **********
18:31:38.207 [Test worker] INFO tourGuide.service.RewardsService - ** Processing to calculate rewards. User: internalUser88
18:31:38.217 [Test worker] INFO tourGuide.service.RewardsService - ** User rewards found: 0
18:31:38.218 [Test worker] INFO tourGuide.service.TourGuideService - ********** Processing **********
18:31:38.219 [Test worker] INFO tourGuide.service.TourGuideService - ** Processing to track user location. User: internalUser85
18:31:38.222 [pool-1-thread-1] INFO tourGuide.service.RewardsService - ********** Processing **********
18:31:38.222 [pool-1-thread-1] INFO tourGuide.service.RewardsService - ** Processing to calculate rewards. User: internalUser89
18:31:38.233 [pool-1-thread-1] INFO tourGuide.service.RewardsService - ** User rewards found: 0
18:31:38.233 [pool-1-thread-1] INFO tourGuide.service.TourGuideService - ********** Processing **********
18:31:38.233 [pool-1-thread-1] INFO tourGuide.service.TourGuideService - ** Processing to track user location. User: internalUser88
18:31:38.300 [Test worker] INFO tourGuide.service.RewardsService - ********** Processing **********
18:31:38.301 [Test worker] INFO tourGuide.service.RewardsService - ** Processing to calculate rewards. User: internalUser85
18:31:38.311 [Test worker] INFO tourGuide.service.RewardsService - ** User rewards found: 0
18:31:38.311 [Test worker] INFO tourGuide.service.TourGuideService - ********** Processing **********
18:31:38.311 [Test worker] INFO tourGuide.service.TourGuideService - ** Processing to track user location. User: internalUser84
18:31:38.324 [pool-1-thread-1] INFO tourGuide.service.RewardsService - ********** Processing **********
18:31:38.325 [pool-1-thread-1] INFO tourGuide.service.RewardsService - ** Processing to calculate rewards. User: internalUser88
18:31:38.335 [pool-1-thread-1] INFO tourGuide.service.RewardsService - ** User rewards found: 0
18:31:38.336 [pool-1-thread-1] INFO tourGuide.service.TourGuideService - ********** Processing **********
18:31:38.336 [pool-1-thread-1] INFO tourGuide.service.TourGuideService - ** Processing to track user location. User: internalUser85
18:31:38.408 [Test worker] INFO tourGuide.service.RewardsService - ********** Processing **********
18:31:38.408 [Test worker] INFO tourGuide.service.RewardsService - ** Processing to calculate rewards. User: internalUser84
18:31:38.418 [pool-1-thread-1] INFO tourGuide.service.RewardsService - ********** Processing **********
18:31:38.418 [pool-1-thread-1] INFO tourGuide.service.RewardsService - ** Processing to calculate rewards. User: internalUser85
18:31:38.419 [Test worker] INFO tourGuide.service.RewardsService - ** User rewards found: 0
18:31:38.419 [Test worker] INFO tourGuide.service.TourGuideService - ********** Processing **********
18:31:38.419 [Test worker] INFO tourGuide.service.TourGuideService - ** Processing to track user location. User: internalUser87
18:31:38.429 [pool-1-thread-1] INFO tourGuide.service.RewardsService - ** User rewards found: 0
18:31:38.429 [pool-1-thread-1] INFO tourGuide.service.TourGuideService - ********** Processing **********
18:31:38.429 [pool-1-thread-1] INFO tourGuide.service.TourGuideService - ** Processing to track user location. User: internalUser84
18:31:38.457 [Test worker] INFO tourGuide.service.RewardsService - ********** Processing **********
18:31:38.457 [Test worker] INFO tourGuide.service.RewardsService - ** Processing to calculate rewards. User: internalUser87
18:31:38.461 [pool-1-thread-1] INFO tourGuide.service.RewardsService - ********** Processing **********
18:31:38.461 [pool-1-thread-1] INFO tourGuide.service.RewardsService - ** Processing to calculate rewards. User: internalUser84
18:31:38.467 [Test worker] INFO tourGuide.service.RewardsService - ** User rewards found: 0
18:31:38.467 [Test worker] INFO tourGuide.service.TourGuideService - ********** Processing **********
18:31:38.468 [Test worker] INFO tourGuide.service.TourGuideService - ** Processing to track user location. User: internalUser86
18:31:38.471 [pool-1-thread-1] INFO tourGuide.service.RewardsService - ** User rewards found: 0
18:31:38.472 [pool-1-thread-1] INFO tourGuide.service.TourGuideService - ********** Processing **********
18:31:38.472 [pool-1-thread-1] INFO tourGuide.service.TourGuideService - ** Processing to track user location. User: internalUser87
18:31:38.512 [pool-1-thread-1] INFO tourGuide.service.RewardsService - ********** Processing **********
18:31:38.512 [pool-1-thread-1] INFO tourGuide.service.RewardsService - ** Processing to calculate rewards. User: internalUser87
18:31:38.522 [pool-1-thread-1] INFO tourGuide.service.RewardsService - ** User rewards found: 0
18:31:38.523 [pool-1-thread-1] INFO tourGuide.service.TourGuideService - ********** Processing **********
18:31:38.523 [pool-1-thread-1] INFO tourGuide.service.TourGuideService - ** Processing to track user location. User: internalUser86
18:31:38.530 [Test worker] INFO tourGuide.service.RewardsService - ********** Processing **********
18:31:38.530 [Test worker] INFO tourGuide.service.RewardsService - ** Processing to calculate rewards. User: internalUser86
18:31:38.541 [Test worker] INFO tourGuide.service.RewardsService - ** User rewards found: 0
18:31:38.541 [Test worker] INFO tourGuide.service.TourGuideService - ********** Processing **********
18:31:38.541 [Test worker] INFO tourGuide.service.TourGuideService - ** Processing to track user location. User: internalUser81
18:31:38.574 [pool-1-thread-1] INFO tourGuide.service.RewardsService - ********** Processing **********
18:31:38.575 [pool-1-thread-1] INFO tourGuide.service.RewardsService - ** Processing to calculate rewards. User: internalUser86
18:31:38.586 [pool-1-thread-1] INFO tourGuide.service.RewardsService - ** User rewards found: 0
18:31:38.587 [pool-1-thread-1] INFO tourGuide.service.TourGuideService - ********** Processing **********
18:31:38.587 [pool-1-thread-1] INFO tourGuide.service.TourGuideService - ** Processing to track user location. User: internalUser81
18:31:38.634 [pool-1-thread-1] INFO tourGuide.service.RewardsService - ********** Processing **********
18:31:38.635 [pool-1-thread-1] INFO tourGuide.service.RewardsService - ** Processing to calculate rewards. User: internalUser81
18:31:38.640 [Test worker] INFO tourGuide.service.RewardsService - ********** Processing **********
18:31:38.640 [Test worker] INFO tourGuide.service.RewardsService - ** Processing to calculate rewards. User: internalUser81
18:31:38.645 [pool-1-thread-1] INFO tourGuide.service.RewardsService - ** User rewards found: 0
18:31:38.646 [pool-1-thread-1] INFO tourGuide.service.TourGuideService - ********** Processing **********
18:31:38.646 [pool-1-thread-1] INFO tourGuide.service.TourGuideService - ** Processing to track user location. User: internalUser80
18:31:38.651 [Test worker] INFO tourGuide.service.RewardsService - ** User rewards found: 0
18:31:38.651 [Test worker] INFO tourGuide.service.TourGuideService - ********** Processing **********
18:31:38.651 [Test worker] INFO tourGuide.service.TourGuideService - ** Processing to track user location. User: internalUser80
18:31:38.684 [Test worker] INFO tourGuide.service.RewardsService - ********** Processing **********
18:31:38.684 [Test worker] INFO tourGuide.service.RewardsService - ** Processing to calculate rewards. User: internalUser80
18:31:38.687 [pool-1-thread-1] INFO tourGuide.service.RewardsService - ********** Processing **********
18:31:38.687 [pool-1-thread-1] INFO tourGuide.service.RewardsService - ** Processing to calculate rewards. User: internalUser80
18:31:38.695 [Test worker] INFO tourGuide.service.RewardsService - ** User rewards found: 0
18:31:38.695 [Test worker] INFO tourGuide.service.TourGuideService - ********** Processing **********
18:31:38.695 [Test worker] INFO tourGuide.service.TourGuideService - ** Processing to track user location. User: internalUser83
18:31:38.698 [pool-1-thread-1] INFO tourGuide.service.RewardsService - ** User rewards found: 0
18:31:38.698 [pool-1-thread-1] INFO tourGuide.service.TourGuideService - ********** Processing **********
18:31:38.699 [pool-1-thread-1] INFO tourGuide.service.TourGuideService - ** Processing to track user location. User: internalUser83
18:31:38.732 [Test worker] INFO tourGuide.service.RewardsService - ********** Processing **********
18:31:38.732 [Test worker] INFO tourGuide.service.RewardsService - ** Processing to calculate rewards. User: internalUser83
18:31:38.743 [Test worker] INFO tourGuide.service.RewardsService - ** User rewards found: 0
18:31:38.744 [Test worker] INFO tourGuide.service.TourGuideService - ********** Processing **********
18:31:38.744 [Test worker] INFO tourGuide.service.TourGuideService - ** Processing to track user location. User: internalUser82
18:31:38.779 [pool-1-thread-1] INFO tourGuide.service.RewardsService - ********** Processing **********
18:31:38.780 [pool-1-thread-1] INFO tourGuide.service.RewardsService - ** Processing to calculate rewards. User: internalUser83
18:31:38.790 [pool-1-thread-1] INFO tourGuide.service.RewardsService - ** User rewards found: 0
18:31:38.790 [pool-1-thread-1] INFO tourGuide.service.TourGuideService - ********** Processing **********
18:31:38.790 [pool-1-thread-1] INFO tourGuide.service.TourGuideService - ** Processing to track user location. User: internalUser82
18:31:38.833 [Test worker] INFO tourGuide.service.RewardsService - ********** Processing **********
18:31:38.834 [Test worker] INFO tourGuide.service.RewardsService - ** Processing to calculate rewards. User: internalUser82
18:31:38.844 [Test worker] INFO tourGuide.service.RewardsService - ** User rewards found: 0
18:31:38.844 [Test worker] INFO tourGuide.service.TourGuideService - ********** Processing **********
18:31:38.844 [Test worker] INFO tourGuide.service.TourGuideService - ** Processing to track user location. User: internalUser9
18:31:38.886 [pool-1-thread-1] INFO tourGuide.service.RewardsService - ********** Processing **********
18:31:38.886 [pool-1-thread-1] INFO tourGuide.service.RewardsService - ** Processing to calculate rewards. User: internalUser82
18:31:38.897 [pool-1-thread-1] INFO tourGuide.service.RewardsService - ** User rewards found: 0
18:31:38.897 [pool-1-thread-1] INFO tourGuide.service.TourGuideService - ********** Processing **********
18:31:38.897 [pool-1-thread-1] INFO tourGuide.service.TourGuideService - ** Processing to track user location. User: internalUser9
18:31:38.911 [Test worker] INFO tourGuide.service.RewardsService - ********** Processing **********
18:31:38.911 [Test worker] INFO tourGuide.service.RewardsService - ** Processing to calculate rewards. User: internalUser9
18:31:38.922 [Test worker] INFO tourGuide.service.RewardsService - ** User rewards found: 0
18:31:38.922 [Test worker] INFO tourGuide.service.TourGuideService - ********** Processing **********
18:31:38.922 [Test worker] INFO tourGuide.service.TourGuideService - ** Processing to track user location. User: internalUser8
18:31:38.973 [pool-1-thread-1] INFO tourGuide.service.RewardsService - ********** Processing **********
18:31:38.973 [pool-1-thread-1] INFO tourGuide.service.RewardsService - ** Processing to calculate rewards. User: internalUser9
18:31:38.983 [pool-1-thread-1] INFO tourGuide.service.RewardsService - ** User rewards found: 0
18:31:38.984 [pool-1-thread-1] INFO tourGuide.service.TourGuideService - ********** Processing **********
18:31:38.984 [pool-1-thread-1] INFO tourGuide.service.TourGuideService - ** Processing to track user location. User: internalUser8
18:31:38.991 [Test worker] INFO tourGuide.service.RewardsService - ********** Processing **********
18:31:38.992 [Test worker] INFO tourGuide.service.RewardsService - ** Processing to calculate rewards. User: internalUser8
18:31:39.002 [Test worker] INFO tourGuide.service.RewardsService - ** User rewards found: 0
18:31:39.002 [Test worker] INFO tourGuide.service.TourGuideService - ********** Processing **********
18:31:39.002 [Test worker] INFO tourGuide.service.TourGuideService - ** Processing to track user location. User: internalUser19
18:31:39.069 [pool-1-thread-1] INFO tourGuide.service.RewardsService - ********** Processing **********
18:31:39.069 [pool-1-thread-1] INFO tourGuide.service.RewardsService - ** Processing to calculate rewards. User: internalUser8
18:31:39.079 [pool-1-thread-1] INFO tourGuide.service.RewardsService - ** User rewards found: 0
18:31:39.080 [pool-1-thread-1] INFO tourGuide.service.TourGuideService - ********** Processing **********
18:31:39.080 [pool-1-thread-1] INFO tourGuide.service.TourGuideService - ** Processing to track user location. User: internalUser19
18:31:39.098 [Test worker] INFO tourGuide.service.RewardsService - ********** Processing **********
18:31:39.098 [Test worker] INFO tourGuide.service.RewardsService - ** Processing to calculate rewards. User: internalUser19
18:31:39.109 [Test worker] INFO tourGuide.service.RewardsService - ** User rewards found: 0
18:31:39.110 [Test worker] INFO tourGuide.service.TourGuideService - ********** Processing **********
18:31:39.110 [Test worker] INFO tourGuide.service.TourGuideService - ** Processing to track user location. User: internalUser16
18:31:39.163 [Test worker] INFO tourGuide.service.RewardsService - ********** Processing **********
18:31:39.163 [Test worker] INFO tourGuide.service.RewardsService - ** Processing to calculate rewards. User: internalUser16
18:31:39.165 [pool-1-thread-1] INFO tourGuide.service.RewardsService - ********** Processing **********
18:31:39.165 [pool-1-thread-1] INFO tourGuide.service.RewardsService - ** Processing to calculate rewards. User: internalUser19
18:31:39.174 [Test worker] INFO tourGuide.service.RewardsService - ** User rewards found: 0
18:31:39.174 [Test worker] INFO tourGuide.service.TourGuideService - ********** Processing **********
18:31:39.174 [Test worker] INFO tourGuide.service.TourGuideService - ** Processing to track user location. User: internalUser15
18:31:39.176 [pool-1-thread-1] INFO tourGuide.service.RewardsService - ** User rewards found: 0
18:31:39.176 [pool-1-thread-1] INFO tourGuide.service.TourGuideService - ********** Processing **********
18:31:39.177 [pool-1-thread-1] INFO tourGuide.service.TourGuideService - ** Processing to track user location. User: internalUser16
18:31:39.228 [pool-1-thread-1] INFO tourGuide.service.RewardsService - ********** Processing **********
18:31:39.228 [pool-1-thread-1] INFO tourGuide.service.RewardsService - ** Processing to calculate rewards. User: internalUser16
18:31:39.239 [pool-1-thread-1] INFO tourGuide.service.RewardsService - ** User rewards found: 0
18:31:39.240 [pool-1-thread-1] INFO tourGuide.service.TourGuideService - ********** Processing **********
18:31:39.240 [pool-1-thread-1] INFO tourGuide.service.TourGuideService - ** Processing to track user location. User: internalUser15
18:31:39.244 [Test worker] INFO tourGuide.service.RewardsService - ********** Processing **********
18:31:39.245 [Test worker] INFO tourGuide.service.RewardsService - ** Processing to calculate rewards. User: internalUser15
18:31:39.256 [Test worker] INFO tourGuide.service.RewardsService - ** User rewards found: 0
18:31:39.256 [Test worker] INFO tourGuide.service.TourGuideService - ********** Processing **********
18:31:39.256 [Test worker] INFO tourGuide.service.TourGuideService - ** Processing to track user location. User: internalUser18
18:31:39.305 [Test worker] INFO tourGuide.service.RewardsService - ********** Processing **********
18:31:39.305 [Test worker] INFO tourGuide.service.RewardsService - ** Processing to calculate rewards. User: internalUser18
18:31:39.316 [Test worker] INFO tourGuide.service.RewardsService - ** User rewards found: 0
18:31:39.316 [Test worker] INFO tourGuide.service.TourGuideService - ********** Processing **********
18:31:39.316 [Test worker] INFO tourGuide.service.TourGuideService - ** Processing to track user location. User: internalUser17
18:31:39.339 [pool-1-thread-1] INFO tourGuide.service.RewardsService - ********** Processing **********
18:31:39.339 [pool-1-thread-1] INFO tourGuide.service.RewardsService - ** Processing to calculate rewards. User: internalUser15
18:31:39.350 [pool-1-thread-1] INFO tourGuide.service.RewardsService - ** User rewards found: 0
18:31:39.350 [pool-1-thread-1] INFO tourGuide.service.TourGuideService - ********** Processing **********
18:31:39.350 [pool-1-thread-1] INFO tourGuide.service.TourGuideService - ** Processing to track user location. User: internalUser18
18:31:39.408 [Test worker] INFO tourGuide.service.RewardsService - ********** Processing **********
18:31:39.408 [Test worker] INFO tourGuide.service.RewardsService - ** Processing to calculate rewards. User: internalUser17
18:31:39.416 [pool-1-thread-1] INFO tourGuide.service.RewardsService - ********** Processing **********
18:31:39.416 [pool-1-thread-1] INFO tourGuide.service.RewardsService - ** Processing to calculate rewards. User: internalUser18
18:31:39.419 [Test worker] INFO tourGuide.service.RewardsService - ** User rewards found: 0
18:31:39.420 [Test worker] INFO tourGuide.service.TourGuideService - ********** Processing **********
18:31:39.420 [Test worker] INFO tourGuide.service.TourGuideService - ** Processing to track user location. User: internalUser12
18:31:39.426 [pool-1-thread-1] INFO tourGuide.service.RewardsService - ** User rewards found: 0
18:31:39.426 [pool-1-thread-1] INFO tourGuide.service.TourGuideService - ********** Processing **********
18:31:39.426 [pool-1-thread-1] INFO tourGuide.service.TourGuideService - ** Processing to track user location. User: internalUser17
18:31:39.467 [pool-1-thread-1] INFO tourGuide.service.RewardsService - ********** Processing **********
18:31:39.467 [pool-1-thread-1] INFO tourGuide.service.RewardsService - ** Processing to calculate rewards. User: internalUser17
18:31:39.477 [pool-1-thread-1] INFO tourGuide.service.RewardsService - ** User rewards found: 0
18:31:39.477 [pool-1-thread-1] INFO tourGuide.service.TourGuideService - ********** Processing **********
18:31:39.477 [pool-1-thread-1] INFO tourGuide.service.TourGuideService - ** Processing to track user location. User: internalUser12
18:31:39.483 [Test worker] INFO tourGuide.service.RewardsService - ********** Processing **********
18:31:39.483 [Test worker] INFO tourGuide.service.RewardsService - ** Processing to calculate rewards. User: internalUser12
18:31:39.494 [Test worker] INFO tourGuide.service.RewardsService - ** User rewards found: 0
18:31:39.495 [Test worker] INFO tourGuide.service.TourGuideService - ********** Processing **********
18:31:39.495 [Test worker] INFO tourGuide.service.TourGuideService - ** Processing to track user location. User: internalUser11
18:31:39.515 [pool-1-thread-1] INFO tourGuide.service.RewardsService - ********** Processing **********
18:31:39.516 [pool-1-thread-1] INFO tourGuide.service.RewardsService - ** Processing to calculate rewards. User: internalUser12
18:31:39.526 [pool-1-thread-1] INFO tourGuide.service.RewardsService - ** User rewards found: 0
18:31:39.526 [pool-1-thread-1] INFO tourGuide.service.TourGuideService - ********** Processing **********
18:31:39.526 [pool-1-thread-1] INFO tourGuide.service.TourGuideService - ** Processing to track user location. User: internalUser11
18:31:39.555 [Test worker] INFO tourGuide.service.RewardsService - ********** Processing **********
18:31:39.555 [Test worker] INFO tourGuide.service.RewardsService - ** Processing to calculate rewards. User: internalUser11
18:31:39.565 [Test worker] INFO tourGuide.service.RewardsService - ** User rewards found: 0
18:31:39.566 [Test worker] INFO tourGuide.service.TourGuideService - ********** Processing **********
18:31:39.566 [Test worker] INFO tourGuide.service.TourGuideService - ** Processing to track user location. User: internalUser99
18:31:39.623 [pool-1-thread-1] INFO tourGuide.service.RewardsService - ********** Processing **********
18:31:39.623 [pool-1-thread-1] INFO tourGuide.service.RewardsService - ** Processing to calculate rewards. User: internalUser11
18:31:39.633 [pool-1-thread-1] INFO tourGuide.service.RewardsService - ** User rewards found: 0
18:31:39.633 [pool-1-thread-1] INFO tourGuide.service.TourGuideService - ********** Processing **********
18:31:39.633 [pool-1-thread-1] INFO tourGuide.service.TourGuideService - ** Processing to track user location. User: internalUser99
18:31:39.643 [Test worker] INFO tourGuide.service.RewardsService - ********** Processing **********
18:31:39.643 [Test worker] INFO tourGuide.service.RewardsService - ** Processing to calculate rewards. User: internalUser99
18:31:39.653 [Test worker] INFO tourGuide.service.RewardsService - ** User rewards found: 0
18:31:39.653 [Test worker] INFO tourGuide.service.TourGuideService - ********** Processing **********
18:31:39.653 [Test worker] INFO tourGuide.service.TourGuideService - ** Processing to track user location. User: internalUser14
18:31:39.683 [pool-1-thread-1] INFO tourGuide.service.RewardsService - ********** Processing **********
18:31:39.683 [pool-1-thread-1] INFO tourGuide.service.RewardsService - ** Processing to calculate rewards. User: internalUser99
18:31:39.694 [pool-1-thread-1] INFO tourGuide.service.RewardsService - ** User rewards found: 0
18:31:39.694 [pool-1-thread-1] INFO tourGuide.service.TourGuideService - ********** Processing **********
18:31:39.694 [pool-1-thread-1] INFO tourGuide.service.TourGuideService - ** Processing to track user location. User: internalUser14
18:31:39.714 [Test worker] INFO tourGuide.service.RewardsService - ********** Processing **********
18:31:39.714 [Test worker] INFO tourGuide.service.RewardsService - ** Processing to calculate rewards. User: internalUser14
18:31:39.724 [Test worker] INFO tourGuide.service.RewardsService - ** User rewards found: 0
18:31:39.724 [Test worker] INFO tourGuide.service.TourGuideService - ********** Processing **********
18:31:39.724 [Test worker] INFO tourGuide.service.TourGuideService - ** Processing to track user location. User: internalUser13
18:31:39.767 [Test worker] INFO tourGuide.service.RewardsService - ********** Processing **********
18:31:39.767 [Test worker] INFO tourGuide.service.RewardsService - ** Processing to calculate rewards. User: internalUser13
18:31:39.769 [pool-1-thread-1] INFO tourGuide.service.RewardsService - ********** Processing **********
18:31:39.769 [pool-1-thread-1] INFO tourGuide.service.RewardsService - ** Processing to calculate rewards. User: internalUser14
18:31:39.778 [Test worker] INFO tourGuide.service.RewardsService - ** User rewards found: 0
18:31:39.778 [Test worker] INFO tourGuide.service.TourGuideService - ********** Processing **********
18:31:39.778 [Test worker] INFO tourGuide.service.TourGuideService - ** Processing to track user location. User: internalUser3
18:31:39.780 [pool-1-thread-1] INFO tourGuide.service.RewardsService - ** User rewards found: 0
18:31:39.780 [pool-1-thread-1] INFO tourGuide.service.TourGuideService - ********** Processing **********
18:31:39.780 [pool-1-thread-1] INFO tourGuide.service.TourGuideService - ** Processing to track user location. User: internalUser13
18:31:39.860 [pool-1-thread-1] INFO tourGuide.service.RewardsService - ********** Processing **********
18:31:39.861 [pool-1-thread-1] INFO tourGuide.service.RewardsService - ** Processing to calculate rewards. User: internalUser13
18:31:39.861 [Test worker] INFO tourGuide.service.RewardsService - ********** Processing **********
18:31:39.861 [Test worker] INFO tourGuide.service.RewardsService - ** Processing to calculate rewards. User: internalUser3
18:31:39.872 [pool-1-thread-1] INFO tourGuide.service.RewardsService - ** User rewards found: 0
18:31:39.872 [pool-1-thread-1] INFO tourGuide.service.TourGuideService - ********** Processing **********
18:31:39.872 [pool-1-thread-1] INFO tourGuide.service.TourGuideService - ** Processing to track user location. User: internalUser3
18:31:39.872 [Test worker] INFO tourGuide.service.RewardsService - ** User rewards found: 0
18:31:39.872 [Test worker] INFO tourGuide.service.TourGuideService - ********** Processing **********
18:31:39.872 [Test worker] INFO tourGuide.service.TourGuideService - ** Processing to track user location. User: internalUser96
18:31:39.956 [Test worker] INFO tourGuide.service.RewardsService - ********** Processing **********
18:31:39.956 [Test worker] INFO tourGuide.service.RewardsService - ** Processing to calculate rewards. User: internalUser96
18:31:39.957 [pool-1-thread-1] INFO tourGuide.service.RewardsService - ********** Processing **********
18:31:39.957 [pool-1-thread-1] INFO tourGuide.service.RewardsService - ** Processing to calculate rewards. User: internalUser3
18:31:39.967 [Test worker] INFO tourGuide.service.RewardsService - ** User rewards found: 0
18:31:39.967 [Test worker] INFO tourGuide.service.TourGuideService - ********** Processing **********
18:31:39.967 [Test worker] INFO tourGuide.service.TourGuideService - ** Processing to track user location. User: internalUser2
18:31:39.967 [pool-1-thread-1] INFO tourGuide.service.RewardsService - ** User rewards found: 0
18:31:39.967 [pool-1-thread-1] INFO tourGuide.service.TourGuideService - ********** Processing **********
18:31:39.967 [pool-1-thread-1] INFO tourGuide.service.TourGuideService - ** Processing to track user location. User: internalUser96
18:31:40.000 [pool-1-thread-1] INFO tourGuide.service.RewardsService - ********** Processing **********
18:31:40.000 [pool-1-thread-1] INFO tourGuide.service.RewardsService - ** Processing to calculate rewards. User: internalUser96
18:31:40.011 [pool-1-thread-1] INFO tourGuide.service.RewardsService - ** User rewards found: 0
18:31:40.011 [pool-1-thread-1] INFO tourGuide.service.TourGuideService - ********** Processing **********
18:31:40.012 [pool-1-thread-1] INFO tourGuide.service.TourGuideService - ** Processing to track user location. User: internalUser2
18:31:40.018 [Test worker] INFO tourGuide.service.RewardsService - ********** Processing **********
18:31:40.018 [Test worker] INFO tourGuide.service.RewardsService - ** Processing to calculate rewards. User: internalUser2
18:31:40.028 [Test worker] INFO tourGuide.service.RewardsService - ** User rewards found: 0
18:31:40.028 [Test worker] INFO tourGuide.service.TourGuideService - ********** Processing **********
18:31:40.028 [Test worker] INFO tourGuide.service.TourGuideService - ** Processing to track user location. User: internalUser95
18:31:40.080 [pool-1-thread-1] INFO tourGuide.service.RewardsService - ********** Processing **********
18:31:40.080 [pool-1-thread-1] INFO tourGuide.service.RewardsService - ** Processing to calculate rewards. User: internalUser2
18:31:40.090 [pool-1-thread-1] INFO tourGuide.service.RewardsService - ** User rewards found: 0
18:31:40.091 [pool-1-thread-1] INFO tourGuide.service.TourGuideService - ********** Processing **********
18:31:40.091 [pool-1-thread-1] INFO tourGuide.service.TourGuideService - ** Processing to track user location. User: internalUser95
18:31:40.117 [Test worker] INFO tourGuide.service.RewardsService - ********** Processing **********
18:31:40.118 [Test worker] INFO tourGuide.service.RewardsService - ** Processing to calculate rewards. User: internalUser95
18:31:40.128 [Test worker] INFO tourGuide.service.RewardsService - ** User rewards found: 0
18:31:40.129 [Test worker] INFO tourGuide.service.TourGuideService - ********** Processing **********
18:31:40.129 [Test worker] INFO tourGuide.service.TourGuideService - ** Processing to track user location. User: internalUser1
18:31:40.148 [pool-1-thread-1] INFO tourGuide.service.RewardsService - ********** Processing **********
18:31:40.148 [pool-1-thread-1] INFO tourGuide.service.RewardsService - ** Processing to calculate rewards. User: internalUser95
18:31:40.158 [pool-1-thread-1] INFO tourGuide.service.RewardsService - ** User rewards found: 0
18:31:40.158 [pool-1-thread-1] INFO tourGuide.service.TourGuideService - ********** Processing **********
18:31:40.159 [pool-1-thread-1] INFO tourGuide.service.TourGuideService - ** Processing to track user location. User: internalUser1
18:31:40.164 [Test worker] INFO tourGuide.service.RewardsService - ********** Processing **********
18:31:40.164 [Test worker] INFO tourGuide.service.RewardsService - ** Processing to calculate rewards. User: internalUser1
18:31:40.175 [Test worker] INFO tourGuide.service.RewardsService - ** User rewards found: 0
18:31:40.175 [Test worker] INFO tourGuide.service.TourGuideService - ********** Processing **********
18:31:40.175 [Test worker] INFO tourGuide.service.TourGuideService - ** Processing to track user location. User: internalUser10
18:31:40.247 [pool-1-thread-1] INFO tourGuide.service.RewardsService - ********** Processing **********
18:31:40.247 [pool-1-thread-1] INFO tourGuide.service.RewardsService - ** Processing to calculate rewards. User: internalUser1
18:31:40.251 [Test worker] INFO tourGuide.service.RewardsService - ********** Processing **********
18:31:40.252 [Test worker] INFO tourGuide.service.RewardsService - ** Processing to calculate rewards. User: internalUser10
18:31:40.257 [pool-1-thread-1] INFO tourGuide.service.RewardsService - ** User rewards found: 0
18:31:40.257 [pool-1-thread-1] INFO tourGuide.service.TourGuideService - ********** Processing **********
18:31:40.257 [pool-1-thread-1] INFO tourGuide.service.TourGuideService - ** Processing to track user location. User: internalUser10
18:31:40.262 [Test worker] INFO tourGuide.service.RewardsService - ** User rewards found: 0
18:31:40.262 [Test worker] INFO tourGuide.service.TourGuideService - ********** Processing **********
18:31:40.262 [Test worker] INFO tourGuide.service.TourGuideService - ** Processing to track user location. User: internalUser98
18:31:40.311 [pool-1-thread-1] INFO tourGuide.service.RewardsService - ********** Processing **********
18:31:40.311 [pool-1-thread-1] INFO tourGuide.service.RewardsService - ** Processing to calculate rewards. User: internalUser10
18:31:40.314 [Test worker] INFO tourGuide.service.RewardsService - ********** Processing **********
18:31:40.314 [Test worker] INFO tourGuide.service.RewardsService - ** Processing to calculate rewards. User: internalUser98
18:31:40.322 [pool-1-thread-1] INFO tourGuide.service.RewardsService - ** User rewards found: 0
18:31:40.322 [pool-1-thread-1] INFO tourGuide.service.TourGuideService - ********** Processing **********
18:31:40.322 [pool-1-thread-1] INFO tourGuide.service.TourGuideService - ** Processing to track user location. User: internalUser98
18:31:40.325 [Test worker] INFO tourGuide.service.RewardsService - ** User rewards found: 0
18:31:40.325 [Test worker] INFO tourGuide.service.TourGuideService - ********** Processing **********
18:31:40.325 [Test worker] INFO tourGuide.service.TourGuideService - ** Processing to track user location. User: internalUser0
18:31:40.365 [pool-1-thread-1] INFO tourGuide.service.RewardsService - ********** Processing **********
18:31:40.365 [pool-1-thread-1] INFO tourGuide.service.RewardsService - ** Processing to calculate rewards. User: internalUser98
18:31:40.375 [pool-1-thread-1] INFO tourGuide.service.RewardsService - ** User rewards found: 0
18:31:40.375 [pool-1-thread-1] INFO tourGuide.service.TourGuideService - ********** Processing **********
18:31:40.375 [pool-1-thread-1] INFO tourGuide.service.TourGuideService - ** Processing to track user location. User: internalUser0
18:31:40.424 [Test worker] INFO tourGuide.service.RewardsService - ********** Processing **********
18:31:40.424 [Test worker] INFO tourGuide.service.RewardsService - ** Processing to calculate rewards. User: internalUser0
18:31:40.435 [Test worker] INFO tourGuide.service.RewardsService - ** User rewards found: 0
18:31:40.435 [Test worker] INFO tourGuide.service.TourGuideService - ********** Processing **********
18:31:40.435 [Test worker] INFO tourGuide.service.TourGuideService - ** Processing to track user location. User: internalUser97
18:31:40.443 [pool-1-thread-1] INFO tourGuide.service.RewardsService - ********** Processing **********
18:31:40.443 [pool-1-thread-1] INFO tourGuide.service.RewardsService - ** Processing to calculate rewards. User: internalUser0
18:31:40.453 [pool-1-thread-1] INFO tourGuide.service.RewardsService - ** User rewards found: 0
18:31:40.453 [pool-1-thread-1] INFO tourGuide.service.TourGuideService - ********** Processing **********
18:31:40.453 [pool-1-thread-1] INFO tourGuide.service.TourGuideService - ** Processing to track user location. User: internalUser97
18:31:40.484 [Test worker] INFO tourGuide.service.RewardsService - ********** Processing **********
18:31:40.485 [Test worker] INFO tourGuide.service.RewardsService - ** Processing to calculate rewards. User: internalUser97
18:31:40.496 [Test worker] INFO tourGuide.service.RewardsService - ** User rewards found: 0
18:31:40.496 [Test worker] INFO tourGuide.service.TourGuideService - ********** Processing **********
18:31:40.496 [Test worker] INFO tourGuide.service.TourGuideService - ** Processing to track user location. User: internalUser7
18:31:40.547 [pool-1-thread-1] INFO tourGuide.service.RewardsService - ********** Processing **********
18:31:40.548 [pool-1-thread-1] INFO tourGuide.service.RewardsService - ** Processing to calculate rewards. User: internalUser97
18:31:40.555 [Test worker] INFO tourGuide.service.RewardsService - ********** Processing **********
18:31:40.555 [Test worker] INFO tourGuide.service.RewardsService - ** Processing to calculate rewards. User: internalUser7
18:31:40.558 [pool-1-thread-1] INFO tourGuide.service.RewardsService - ** User rewards found: 0
18:31:40.558 [pool-1-thread-1] INFO tourGuide.service.TourGuideService - ********** Processing **********
18:31:40.558 [pool-1-thread-1] INFO tourGuide.service.TourGuideService - ** Processing to track user location. User: internalUser7
18:31:40.565 [Test worker] INFO tourGuide.service.RewardsService - ** User rewards found: 0
18:31:40.565 [Test worker] INFO tourGuide.service.TourGuideService - ********** Processing **********
18:31:40.565 [Test worker] INFO tourGuide.service.TourGuideService - ** Processing to track user location. User: internalUser92
18:31:40.593 [pool-1-thread-1] INFO tourGuide.service.RewardsService - ********** Processing **********
18:31:40.593 [pool-1-thread-1] INFO tourGuide.service.RewardsService - ** Processing to calculate rewards. User: internalUser7
18:31:40.604 [pool-1-thread-1] INFO tourGuide.service.RewardsService - ** User rewards found: 0
18:31:40.604 [pool-1-thread-1] INFO tourGuide.service.TourGuideService - ********** Processing **********
18:31:40.604 [pool-1-thread-1] INFO tourGuide.service.TourGuideService - ** Processing to track user location. User: internalUser92
18:31:40.658 [Test worker] INFO tourGuide.service.RewardsService - ********** Processing **********
18:31:40.658 [Test worker] INFO tourGuide.service.RewardsService - ** Processing to calculate rewards. User: internalUser92
18:31:40.663 [pool-1-thread-1] INFO tourGuide.service.RewardsService - ********** Processing **********
18:31:40.664 [pool-1-thread-1] INFO tourGuide.service.RewardsService - ** Processing to calculate rewards. User: internalUser92
18:31:40.668 [Test worker] INFO tourGuide.service.RewardsService - ** User rewards found: 0
18:31:40.668 [Test worker] INFO tourGuide.service.TourGuideService - ********** Processing **********
18:31:40.668 [Test worker] INFO tourGuide.service.TourGuideService - ** Processing to track user location. User: internalUser6
18:31:40.675 [pool-1-thread-1] INFO tourGuide.service.RewardsService - ** User rewards found: 0
18:31:40.675 [pool-1-thread-1] INFO tourGuide.service.TourGuideService - ********** Processing **********
18:31:40.675 [pool-1-thread-1] INFO tourGuide.service.TourGuideService - ** Processing to track user location. User: internalUser6
18:31:40.747 [Test worker] INFO tourGuide.service.RewardsService - ********** Processing **********
18:31:40.747 [Test worker] INFO tourGuide.service.RewardsService - ** Processing to calculate rewards. User: internalUser6
18:31:40.757 [Test worker] INFO tourGuide.service.RewardsService - ** User rewards found: 0
18:31:40.757 [Test worker] INFO tourGuide.service.TourGuideService - ********** Processing **********
18:31:40.757 [Test worker] INFO tourGuide.service.TourGuideService - ** Processing to track user location. User: internalUser91
18:31:40.764 [pool-1-thread-1] INFO tourGuide.service.RewardsService - ********** Processing **********
18:31:40.764 [pool-1-thread-1] INFO tourGuide.service.RewardsService - ** Processing to calculate rewards. User: internalUser6
18:31:40.775 [pool-1-thread-1] INFO tourGuide.service.RewardsService - ** User rewards found: 0
18:31:40.775 [pool-1-thread-1] INFO tourGuide.service.TourGuideService - ********** Processing **********
18:31:40.775 [pool-1-thread-1] INFO tourGuide.service.TourGuideService - ** Processing to track user location. User: internalUser91
18:31:40.840 [pool-1-thread-1] INFO tourGuide.service.RewardsService - ********** Processing **********
18:31:40.841 [pool-1-thread-1] INFO tourGuide.service.RewardsService - ** Processing to calculate rewards. User: internalUser91
18:31:40.851 [pool-1-thread-1] INFO tourGuide.service.RewardsService - ** User rewards found: 0
18:31:40.851 [pool-1-thread-1] INFO tourGuide.service.TourGuideService - ********** Processing **********
18:31:40.851 [pool-1-thread-1] INFO tourGuide.service.TourGuideService - ** Processing to track user location. User: internalUser5
18:31:40.851 [Test worker] INFO tourGuide.service.RewardsService - ********** Processing **********
18:31:40.851 [Test worker] INFO tourGuide.service.RewardsService - ** Processing to calculate rewards. User: internalUser91
18:31:40.861 [Test worker] INFO tourGuide.service.RewardsService - ** User rewards found: 0
18:31:40.862 [Test worker] INFO tourGuide.service.TourGuideService - ********** Processing **********
18:31:40.862 [Test worker] INFO tourGuide.service.TourGuideService - ** Processing to track user location. User: internalUser5
18:31:40.900 [Test worker] INFO tourGuide.service.RewardsService - ********** Processing **********
18:31:40.901 [Test worker] INFO tourGuide.service.RewardsService - ** Processing to calculate rewards. User: internalUser5
18:31:40.910 [pool-1-thread-1] INFO tourGuide.service.RewardsService - ********** Processing **********
18:31:40.910 [pool-1-thread-1] INFO tourGuide.service.RewardsService - ** Processing to calculate rewards. User: internalUser5
18:31:40.911 [Test worker] INFO tourGuide.service.RewardsService - ** User rewards found: 0
18:31:40.911 [Test worker] INFO tourGuide.service.TourGuideService - ********** Processing **********
18:31:40.911 [Test worker] INFO tourGuide.service.TourGuideService - ** Processing to track user location. User: internalUser94
18:31:40.921 [pool-1-thread-1] INFO tourGuide.service.RewardsService - ** User rewards found: 0
18:31:40.921 [pool-1-thread-1] INFO tourGuide.service.TourGuideService - ********** Processing **********
18:31:40.921 [pool-1-thread-1] INFO tourGuide.service.TourGuideService - ** Processing to track user location. User: internalUser94
18:31:40.990 [pool-1-thread-1] INFO tourGuide.service.RewardsService - ********** Processing **********
18:31:40.990 [pool-1-thread-1] INFO tourGuide.service.RewardsService - ** Processing to calculate rewards. User: internalUser94
18:31:40.998 [Test worker] INFO tourGuide.service.RewardsService - ********** Processing **********
18:31:40.998 [Test worker] INFO tourGuide.service.RewardsService - ** Processing to calculate rewards. User: internalUser94
18:31:41.002 [pool-1-thread-1] INFO tourGuide.service.RewardsService - ** User rewards found: 0
18:31:41.002 [pool-1-thread-1] INFO tourGuide.service.TourGuideService - ********** Processing **********
18:31:41.002 [pool-1-thread-1] INFO tourGuide.service.TourGuideService - ** Processing to track user location. User: internalUser4
18:31:41.009 [Test worker] INFO tourGuide.service.RewardsService - ** User rewards found: 0
18:31:41.009 [Test worker] INFO tourGuide.service.TourGuideService - ********** Processing **********
18:31:41.009 [Test worker] INFO tourGuide.service.TourGuideService - ** Processing to track user location. User: internalUser4
18:31:41.092 [pool-1-thread-1] INFO tourGuide.service.RewardsService - ********** Processing **********
18:31:41.092 [pool-1-thread-1] INFO tourGuide.service.RewardsService - ** Processing to calculate rewards. User: internalUser4
18:31:41.095 [Test worker] INFO tourGuide.service.RewardsService - ********** Processing **********
18:31:41.095 [Test worker] INFO tourGuide.service.RewardsService - ** Processing to calculate rewards. User: internalUser4
18:31:41.103 [pool-1-thread-1] INFO tourGuide.service.RewardsService - ** User rewards found: 0
18:31:41.103 [pool-1-thread-1] INFO tourGuide.service.TourGuideService - ********** Processing **********
18:31:41.103 [pool-1-thread-1] INFO tourGuide.service.TourGuideService - ** Processing to track user location. User: internalUser93
18:31:41.106 [Test worker] INFO tourGuide.service.RewardsService - ** User rewards found: 0
18:31:41.106 [Test worker] INFO tourGuide.service.TourGuideService - ********** Processing **********
18:31:41.106 [Test worker] INFO tourGuide.service.TourGuideService - ** Processing to track user location. User: internalUser93
18:31:41.150 [pool-1-thread-1] INFO tourGuide.service.RewardsService - ********** Processing **********
18:31:41.150 [pool-1-thread-1] INFO tourGuide.service.RewardsService - ** Processing to calculate rewards. User: internalUser93
18:31:41.160 [pool-1-thread-1] INFO tourGuide.service.RewardsService - ** User rewards found: 0
18:31:41.161 [pool-1-thread-1] INFO tourGuide.service.TourGuideService - ********** Processing **********
18:31:41.161 [pool-1-thread-1] INFO tourGuide.service.TourGuideService - ** Processing to track user location. User: internalUser27
18:31:41.168 [Test worker] INFO tourGuide.service.RewardsService - ********** Processing **********
18:31:41.168 [Test worker] INFO tourGuide.service.RewardsService - ** Processing to calculate rewards. User: internalUser93
18:31:41.178 [Test worker] INFO tourGuide.service.RewardsService - ** User rewards found: 0
18:31:41.181 [Test worker] INFO tourGuide.service.TourGuideService - ********** Processing **********
18:31:41.182 [Test worker] INFO tourGuide.service.TourGuideService - ** Processing to track user location. User: internalUser27
18:31:41.231 [pool-1-thread-1] INFO tourGuide.service.RewardsService - ********** Processing **********
18:31:41.232 [pool-1-thread-1] INFO tourGuide.service.RewardsService - ** Processing to calculate rewards. User: internalUser27
18:31:41.243 [pool-1-thread-1] INFO tourGuide.service.RewardsService - ** User rewards found: 0
18:31:41.243 [pool-1-thread-1] INFO tourGuide.service.TourGuideService - ********** Processing **********
18:31:41.243 [pool-1-thread-1] INFO tourGuide.service.TourGuideService - ** Processing to track user location. User: internalUser26
18:31:41.264 [Test worker] INFO tourGuide.service.RewardsService - ********** Processing **********
18:31:41.264 [Test worker] INFO tourGuide.service.RewardsService - ** Processing to calculate rewards. User: internalUser27
18:31:41.275 [Test worker] INFO tourGuide.service.RewardsService - ** User rewards found: 0
18:31:41.276 [Test worker] INFO tourGuide.service.TourGuideService - ********** Processing **********
18:31:41.276 [Test worker] INFO tourGuide.service.TourGuideService - ** Processing to track user location. User: internalUser26
18:31:41.287 [pool-1-thread-1] INFO tourGuide.service.RewardsService - ********** Processing **********
18:31:41.287 [pool-1-thread-1] INFO tourGuide.service.RewardsService - ** Processing to calculate rewards. User: internalUser26
18:31:41.298 [pool-1-thread-1] INFO tourGuide.service.RewardsService - ** User rewards found: 0
18:31:41.299 [pool-1-thread-1] INFO tourGuide.service.TourGuideService - ********** Processing **********
18:31:41.301 [pool-1-thread-1] INFO tourGuide.service.TourGuideService - ** Processing to track user location. User: internalUser29
18:31:41.344 [Test worker] INFO tourGuide.service.RewardsService - ********** Processing **********
18:31:41.344 [Test worker] INFO tourGuide.service.RewardsService - ** Processing to calculate rewards. User: internalUser26
18:31:41.353 [pool-1-thread-1] INFO tourGuide.service.RewardsService - ********** Processing **********
18:31:41.354 [pool-1-thread-1] INFO tourGuide.service.RewardsService - ** Processing to calculate rewards. User: internalUser29
18:31:41.354 [Test worker] INFO tourGuide.service.RewardsService - ** User rewards found: 0
18:31:41.354 [Test worker] INFO tourGuide.service.TourGuideService - ********** Processing **********
18:31:41.355 [Test worker] INFO tourGuide.service.TourGuideService - ** Processing to track user location. User: internalUser29
18:31:41.365 [pool-1-thread-1] INFO tourGuide.service.RewardsService - ** User rewards found: 0
18:31:41.365 [pool-1-thread-1] INFO tourGuide.service.TourGuideService - ********** Processing **********
18:31:41.365 [pool-1-thread-1] INFO tourGuide.service.TourGuideService - ** Processing to track user location. User: internalUser28
18:31:41.417 [pool-1-thread-1] INFO tourGuide.service.RewardsService - ********** Processing **********
18:31:41.417 [pool-1-thread-1] INFO tourGuide.service.RewardsService - ** Processing to calculate rewards. User: internalUser28
18:31:41.424 [Test worker] INFO tourGuide.service.RewardsService - ********** Processing **********
18:31:41.424 [Test worker] INFO tourGuide.service.RewardsService - ** Processing to calculate rewards. User: internalUser29
18:31:41.427 [pool-1-thread-1] INFO tourGuide.service.RewardsService - ** User rewards found: 0
18:31:41.427 [pool-1-thread-1] INFO tourGuide.service.TourGuideService - ********** Processing **********
18:31:41.427 [pool-1-thread-1] INFO tourGuide.service.TourGuideService - ** Processing to track user location. User: internalUser23
18:31:41.434 [Test worker] INFO tourGuide.service.RewardsService - ** User rewards found: 0
18:31:41.434 [Test worker] INFO tourGuide.service.TourGuideService - ********** Processing **********
18:31:41.434 [Test worker] INFO tourGuide.service.TourGuideService - ** Processing to track user location. User: internalUser28
18:31:41.460 [pool-1-thread-1] INFO tourGuide.service.RewardsService - ********** Processing **********
18:31:41.460 [pool-1-thread-1] INFO tourGuide.service.RewardsService - ** Processing to calculate rewards. User: internalUser23
18:31:41.470 [pool-1-thread-1] INFO tourGuide.service.RewardsService - ** User rewards found: 0
18:31:41.471 [pool-1-thread-1] INFO tourGuide.service.TourGuideService - ********** Processing **********
18:31:41.471 [pool-1-thread-1] INFO tourGuide.service.TourGuideService - ** Processing to track user location. User: internalUser22
18:31:41.503 [Test worker] INFO tourGuide.service.RewardsService - ********** Processing **********
18:31:41.503 [Test worker] INFO tourGuide.service.RewardsService - ** Processing to calculate rewards. User: internalUser28
18:31:41.513 [Test worker] INFO tourGuide.service.RewardsService - ** User rewards found: 0
18:31:41.513 [Test worker] INFO tourGuide.service.TourGuideService - ********** Processing **********
18:31:41.513 [Test worker] INFO tourGuide.service.TourGuideService - ** Processing to track user location. User: internalUser23
18:31:41.564 [pool-1-thread-1] INFO tourGuide.service.RewardsService - ********** Processing **********
18:31:41.564 [pool-1-thread-1] INFO tourGuide.service.RewardsService - ** Processing to calculate rewards. User: internalUser22
18:31:41.575 [pool-1-thread-1] INFO tourGuide.service.RewardsService - ** User rewards found: 0
18:31:41.575 [pool-1-thread-1] INFO tourGuide.service.TourGuideService - ********** Processing **********
18:31:41.575 [pool-1-thread-1] INFO tourGuide.service.TourGuideService - ** Processing to track user location. User: internalUser25
18:31:41.607 [Test worker] INFO tourGuide.service.RewardsService - ********** Processing **********
18:31:41.607 [Test worker] INFO tourGuide.service.RewardsService - ** Processing to calculate rewards. User: internalUser23
18:31:41.617 [Test worker] INFO tourGuide.service.RewardsService - ** User rewards found: 0
18:31:41.617 [Test worker] INFO tourGuide.service.TourGuideService - ********** Processing **********
18:31:41.617 [Test worker] INFO tourGuide.service.TourGuideService - ** Processing to track user location. User: internalUser22
18:31:41.628 [pool-1-thread-1] INFO tourGuide.service.RewardsService - ********** Processing **********
18:31:41.628 [pool-1-thread-1] INFO tourGuide.service.RewardsService - ** Processing to calculate rewards. User: internalUser25
18:31:41.638 [pool-1-thread-1] INFO tourGuide.service.RewardsService - ** User rewards found: 0
18:31:41.638 [pool-1-thread-1] INFO tourGuide.service.TourGuideService - ********** Processing **********
18:31:41.638 [pool-1-thread-1] INFO tourGuide.service.TourGuideService - ** Processing to track user location. User: internalUser24
18:31:41.692 [Test worker] INFO tourGuide.service.RewardsService - ********** Processing **********
18:31:41.692 [Test worker] INFO tourGuide.service.RewardsService - ** Processing to calculate rewards. User: internalUser22
18:31:41.702 [Test worker] INFO tourGuide.service.RewardsService - ** User rewards found: 0
18:31:41.702 [Test worker] INFO tourGuide.service.TourGuideService - ********** Processing **********
18:31:41.702 [Test worker] INFO tourGuide.service.TourGuideService - ** Processing to track user location. User: internalUser25
18:31:41.712 [pool-1-thread-1] INFO tourGuide.service.RewardsService - ********** Processing **********
18:31:41.713 [pool-1-thread-1] INFO tourGuide.service.RewardsService - ** Processing to calculate rewards. User: internalUser24
18:31:41.723 [pool-1-thread-1] INFO tourGuide.service.RewardsService - ** User rewards found: 0
18:31:41.723 [pool-1-thread-1] INFO tourGuide.service.TourGuideService - ********** Processing **********
18:31:41.724 [pool-1-thread-1] INFO tourGuide.service.TourGuideService - ** Processing to track user location. User: internalUser21
18:31:41.786 [Test worker] INFO tourGuide.service.RewardsService - ********** Processing **********
18:31:41.786 [Test worker] INFO tourGuide.service.RewardsService - ** Processing to calculate rewards. User: internalUser25
18:31:41.797 [Test worker] INFO tourGuide.service.RewardsService - ** User rewards found: 0
18:31:41.797 [Test worker] INFO tourGuide.service.TourGuideService - ********** Processing **********
18:31:41.797 [Test worker] INFO tourGuide.service.TourGuideService - ** Processing to track user location. User: internalUser24
18:31:41.814 [pool-1-thread-1] INFO tourGuide.service.RewardsService - ********** Processing **********
18:31:41.815 [pool-1-thread-1] INFO tourGuide.service.RewardsService - ** Processing to calculate rewards. User: internalUser21
18:31:41.825 [pool-1-thread-1] INFO tourGuide.service.RewardsService - ** User rewards found: 0
18:31:41.825 [pool-1-thread-1] INFO tourGuide.service.TourGuideService - ********** Processing **********
18:31:41.825 [pool-1-thread-1] INFO tourGuide.service.TourGuideService - ** Processing to track user location. User: internalUser20
18:31:41.896 [Test worker] INFO tourGuide.service.RewardsService - ********** Processing **********
18:31:41.896 [Test worker] INFO tourGuide.service.RewardsService - ** Processing to calculate rewards. User: internalUser24
18:31:41.896 [pool-1-thread-1] INFO tourGuide.service.RewardsService - ********** Processing **********
18:31:41.896 [pool-1-thread-1] INFO tourGuide.service.RewardsService - ** Processing to calculate rewards. User: internalUser20
18:31:41.906 [Test worker] INFO tourGuide.service.RewardsService - ** User rewards found: 0
18:31:41.907 [Test worker] INFO tourGuide.service.TourGuideService - ********** Processing **********
18:31:41.907 [Test worker] INFO tourGuide.service.TourGuideService - ** Processing to track user location. User: internalUser21
18:31:41.907 [pool-1-thread-1] INFO tourGuide.service.RewardsService - ** User rewards found: 0
18:31:41.907 [pool-1-thread-1] INFO tourGuide.service.TourGuideService - ********** Processing **********
18:31:41.907 [pool-1-thread-1] INFO tourGuide.service.TourGuideService - ** Processing to track user location. User: internalUser38
18:31:41.950 [pool-1-thread-1] INFO tourGuide.service.RewardsService - ********** Processing **********
18:31:41.950 [pool-1-thread-1] INFO tourGuide.service.RewardsService - ** Processing to calculate rewards. User: internalUser38
18:31:41.950 [Test worker] INFO tourGuide.service.RewardsService - ********** Processing **********
18:31:41.952 [Test worker] INFO tourGuide.service.RewardsService - ** Processing to calculate rewards. User: internalUser21
18:31:41.960 [pool-1-thread-1] INFO tourGuide.service.RewardsService - ** User rewards found: 0
18:31:41.960 [pool-1-thread-1] INFO tourGuide.service.TourGuideService - ********** Processing **********
18:31:41.960 [pool-1-thread-1] INFO tourGuide.service.TourGuideService - ** Processing to track user location. User: internalUser37
18:31:41.963 [Test worker] INFO tourGuide.service.RewardsService - ** User rewards found: 0
18:31:41.963 [Test worker] INFO tourGuide.service.TourGuideService - ********** Processing **********
18:31:41.963 [Test worker] INFO tourGuide.service.TourGuideService - ** Processing to track user location. User: internalUser20
18:31:42.038 [pool-1-thread-1] INFO tourGuide.service.RewardsService - ********** Processing **********
18:31:42.038 [pool-1-thread-1] INFO tourGuide.service.RewardsService - ** Processing to calculate rewards. User: internalUser37
18:31:42.049 [pool-1-thread-1] INFO tourGuide.service.RewardsService - ** User rewards found: 0
18:31:42.049 [pool-1-thread-1] INFO tourGuide.service.TourGuideService - ********** Processing **********
18:31:42.049 [pool-1-thread-1] INFO tourGuide.service.TourGuideService - ** Processing to track user location. User: internalUser39
18:31:42.061 [Test worker] INFO tourGuide.service.RewardsService - ********** Processing **********
18:31:42.061 [Test worker] INFO tourGuide.service.RewardsService - ** Processing to calculate rewards. User: internalUser20
18:31:42.071 [Test worker] INFO tourGuide.service.RewardsService - ** User rewards found: 0
18:31:42.071 [Test worker] INFO tourGuide.service.TourGuideService - ********** Processing **********
18:31:42.071 [Test worker] INFO tourGuide.service.TourGuideService - ** Processing to track user location. User: internalUser38
18:31:42.102 [pool-1-thread-1] INFO tourGuide.service.RewardsService - ********** Processing **********
18:31:42.102 [pool-1-thread-1] INFO tourGuide.service.RewardsService - ** Processing to calculate rewards. User: internalUser39
18:31:42.113 [pool-1-thread-1] INFO tourGuide.service.RewardsService - ** User rewards found: 0
18:31:42.113 [pool-1-thread-1] INFO tourGuide.service.TourGuideService - ********** Processing **********
18:31:42.113 [pool-1-thread-1] INFO tourGuide.service.TourGuideService - ** Processing to track user location. User: internalUser34
18:31:42.118 [Test worker] INFO tourGuide.service.RewardsService - ********** Processing **********
18:31:42.118 [Test worker] INFO tourGuide.service.RewardsService - ** Processing to calculate rewards. User: internalUser38
18:31:42.129 [Test worker] INFO tourGuide.service.RewardsService - ** User rewards found: 0
18:31:42.129 [Test worker] INFO tourGuide.service.TourGuideService - ********** Processing **********
18:31:42.129 [Test worker] INFO tourGuide.service.TourGuideService - ** Processing to track user location. User: internalUser37
18:31:42.162 [Test worker] INFO tourGuide.service.RewardsService - ********** Processing **********
18:31:42.162 [Test worker] INFO tourGuide.service.RewardsService - ** Processing to calculate rewards. User: internalUser37
18:31:42.173 [Test worker] INFO tourGuide.service.RewardsService - ** User rewards found: 0
18:31:42.173 [Test worker] INFO tourGuide.service.TourGuideService - ********** Processing **********
18:31:42.173 [Test worker] INFO tourGuide.service.TourGuideService - ** Processing to track user location. User: internalUser39
18:31:42.193 [pool-1-thread-1] INFO tourGuide.service.RewardsService - ********** Processing **********
18:31:42.193 [pool-1-thread-1] INFO tourGuide.service.RewardsService - ** Processing to calculate rewards. User: internalUser34
18:31:42.204 [pool-1-thread-1] INFO tourGuide.service.RewardsService - ** User rewards found: 0
18:31:42.204 [pool-1-thread-1] INFO tourGuide.service.TourGuideService - ********** Processing **********
18:31:42.204 [pool-1-thread-1] INFO tourGuide.service.TourGuideService - ** Processing to track user location. User: internalUser33
18:31:42.220 [Test worker] INFO tourGuide.service.RewardsService - ********** Processing **********
18:31:42.221 [Test worker] INFO tourGuide.service.RewardsService - ** Processing to calculate rewards. User: internalUser39
18:31:42.231 [Test worker] INFO tourGuide.service.RewardsService - ** User rewards found: 0
18:31:42.232 [Test worker] INFO tourGuide.service.TourGuideService - ********** Processing **********
18:31:42.232 [Test worker] INFO tourGuide.service.TourGuideService - ** Processing to track user location. User: internalUser34
18:31:42.248 [pool-1-thread-1] INFO tourGuide.service.RewardsService - ********** Processing **********
18:31:42.248 [pool-1-thread-1] INFO tourGuide.service.RewardsService - ** Processing to calculate rewards. User: internalUser33
18:31:42.258 [pool-1-thread-1] INFO tourGuide.service.RewardsService - ** User rewards found: 0
18:31:42.258 [pool-1-thread-1] INFO tourGuide.service.TourGuideService - ********** Processing **********
18:31:42.258 [pool-1-thread-1] INFO tourGuide.service.TourGuideService - ** Processing to track user location. User: internalUser36
18:31:42.317 [Test worker] INFO tourGuide.service.RewardsService - ********** Processing **********
18:31:42.317 [Test worker] INFO tourGuide.service.RewardsService - ** Processing to calculate rewards. User: internalUser34
18:31:42.328 [Test worker] INFO tourGuide.service.RewardsService - ** User rewards found: 0
18:31:42.328 [Test worker] INFO tourGuide.service.TourGuideService - ********** Processing **********
18:31:42.328 [Test worker] INFO tourGuide.service.TourGuideService - ** Processing to track user location. User: internalUser33
18:31:42.331 [pool-1-thread-1] INFO tourGuide.service.RewardsService - ********** Processing **********
18:31:42.331 [pool-1-thread-1] INFO tourGuide.service.RewardsService - ** Processing to calculate rewards. User: internalUser36
18:31:42.341 [pool-1-thread-1] INFO tourGuide.service.RewardsService - ** User rewards found: 0
18:31:42.341 [pool-1-thread-1] INFO tourGuide.service.TourGuideService - ********** Processing **********
18:31:42.341 [pool-1-thread-1] INFO tourGuide.service.TourGuideService - ** Processing to track user location. User: internalUser35
18:31:42.399 [Test worker] INFO tourGuide.service.RewardsService - ********** Processing **********
18:31:42.399 [Test worker] INFO tourGuide.service.RewardsService - ** Processing to calculate rewards. User: internalUser33
18:31:42.404 [pool-1-thread-1] INFO tourGuide.service.RewardsService - ********** Processing **********
18:31:42.404 [pool-1-thread-1] INFO tourGuide.service.RewardsService - ** Processing to calculate rewards. User: internalUser35
18:31:42.409 [Test worker] INFO tourGuide.service.RewardsService - ** User rewards found: 0
18:31:42.409 [Test worker] INFO tourGuide.service.TourGuideService - ********** Processing **********
18:31:42.409 [Test worker] INFO tourGuide.service.TourGuideService - ** Processing to track user location. User: internalUser36
18:31:42.414 [pool-1-thread-1] INFO tourGuide.service.RewardsService - ** User rewards found: 0
18:31:42.414 [pool-1-thread-1] INFO tourGuide.service.TourGuideService - ********** Processing **********
18:31:42.414 [pool-1-thread-1] INFO tourGuide.service.TourGuideService - ** Processing to track user location. User: internalUser30
18:31:42.502 [Test worker] INFO tourGuide.service.RewardsService - ********** Processing **********
18:31:42.502 [Test worker] INFO tourGuide.service.RewardsService - ** Processing to calculate rewards. User: internalUser36
18:31:42.510 [pool-1-thread-1] INFO tourGuide.service.RewardsService - ********** Processing **********
18:31:42.510 [pool-1-thread-1] INFO tourGuide.service.RewardsService - ** Processing to calculate rewards. User: internalUser30
18:31:42.513 [Test worker] INFO tourGuide.service.RewardsService - ** User rewards found: 0
18:31:42.513 [Test worker] INFO tourGuide.service.TourGuideService - ********** Processing **********
18:31:42.513 [Test worker] INFO tourGuide.service.TourGuideService - ** Processing to track user location. User: internalUser35
18:31:42.521 [pool-1-thread-1] INFO tourGuide.service.RewardsService - ** User rewards found: 0
18:31:42.521 [pool-1-thread-1] INFO tourGuide.service.TourGuideService - ********** Processing **********
18:31:42.521 [pool-1-thread-1] INFO tourGuide.service.TourGuideService - ** Processing to track user location. User: internalUser32
18:31:42.559 [Test worker] INFO tourGuide.service.RewardsService - ********** Processing **********
18:31:42.559 [Test worker] INFO tourGuide.service.RewardsService - ** Processing to calculate rewards. User: internalUser35
18:31:42.569 [pool-1-thread-1] INFO tourGuide.service.RewardsService - ********** Processing **********
18:31:42.569 [pool-1-thread-1] INFO tourGuide.service.RewardsService - ** Processing to calculate rewards. User: internalUser32
18:31:42.569 [Test worker] INFO tourGuide.service.RewardsService - ** User rewards found: 0
18:31:42.569 [Test worker] INFO tourGuide.service.TourGuideService - ********** Processing **********
18:31:42.569 [Test worker] INFO tourGuide.service.TourGuideService - ** Processing to track user location. User: internalUser30
18:31:42.579 [pool-1-thread-1] INFO tourGuide.service.RewardsService - ** User rewards found: 0
18:31:42.579 [pool-1-thread-1] INFO tourGuide.service.TourGuideService - ********** Processing **********
18:31:42.579 [pool-1-thread-1] INFO tourGuide.service.TourGuideService - ** Processing to track user location. User: internalUser31
18:31:42.648 [Test worker] INFO tourGuide.service.RewardsService - ********** Processing **********
18:31:42.648 [Test worker] INFO tourGuide.service.RewardsService - ** Processing to calculate rewards. User: internalUser30
18:31:42.655 [pool-1-thread-1] INFO tourGuide.service.RewardsService - ********** Processing **********
18:31:42.655 [pool-1-thread-1] INFO tourGuide.service.RewardsService - ** Processing to calculate rewards. User: internalUser31
18:31:42.659 [Test worker] INFO tourGuide.service.RewardsService - ** User rewards found: 0
18:31:42.659 [Test worker] INFO tourGuide.service.TourGuideService - ********** Processing **********
18:31:42.659 [Test worker] INFO tourGuide.service.TourGuideService - ** Processing to track user location. User: internalUser32
18:31:42.666 [pool-1-thread-1] INFO tourGuide.service.RewardsService - ** User rewards found: 0
18:31:42.666 [pool-1-thread-1] INFO tourGuide.service.TourGuideService - ********** Processing **********
18:31:42.666 [pool-1-thread-1] INFO tourGuide.service.TourGuideService - ** Processing to track user location. User: internalUser49
18:31:42.740 [Test worker] INFO tourGuide.service.RewardsService - ********** Processing **********
18:31:42.740 [Test worker] INFO tourGuide.service.RewardsService - ** Processing to calculate rewards. User: internalUser32
18:31:42.751 [Test worker] INFO tourGuide.service.RewardsService - ** User rewards found: 0
18:31:42.752 [Test worker] INFO tourGuide.service.TourGuideService - ********** Processing **********
18:31:42.752 [Test worker] INFO tourGuide.service.TourGuideService - ** Processing to track user location. User: internalUser31
18:31:42.754 [pool-1-thread-1] INFO tourGuide.service.RewardsService - ********** Processing **********
18:31:42.754 [pool-1-thread-1] INFO tourGuide.service.RewardsService - ** Processing to calculate rewards. User: internalUser49
18:31:42.765 [pool-1-thread-1] INFO tourGuide.service.RewardsService - ** User rewards found: 0
18:31:42.765 [pool-1-thread-1] INFO tourGuide.service.TourGuideService - ********** Processing **********
18:31:42.765 [pool-1-thread-1] INFO tourGuide.service.TourGuideService - ** Processing to track user location. User: internalUser48
18:31:42.833 [pool-1-thread-1] INFO tourGuide.service.RewardsService - ********** Processing **********
18:31:42.833 [pool-1-thread-1] INFO tourGuide.service.RewardsService - ** Processing to calculate rewards. User: internalUser48
18:31:42.833 [Test worker] INFO tourGuide.service.RewardsService - ********** Processing **********
18:31:42.833 [Test worker] INFO tourGuide.service.RewardsService - ** Processing to calculate rewards. User: internalUser31
18:31:42.843 [pool-1-thread-1] INFO tourGuide.service.RewardsService - ** User rewards found: 0
18:31:42.843 [pool-1-thread-1] INFO tourGuide.service.TourGuideService - ********** Processing **********
18:31:42.843 [pool-1-thread-1] INFO tourGuide.service.TourGuideService - ** Processing to track user location. User: internalUser45
[...]
18:32:03.442 [Test worker] INFO tourGuide.service.RewardsService - ** User rewards found: 1
18:32:03.442 [Test worker] INFO tourGuide.service.RewardsService - ********** Processing **********
18:32:03.442 [Test worker] INFO tourGuide.service.RewardsService - ** Processing to calculate rewards. User: internalUser10
18:32:03.997 [Test worker] INFO tourGuide.service.RewardsService - ** User rewards found: 1
18:32:03.997 [Test worker] INFO tourGuide.service.RewardsService - ********** Processing **********
18:32:03.997 [Test worker] INFO tourGuide.service.RewardsService - ** Processing to calculate rewards. User: internalUser98
18:32:04.251 [Test worker] INFO tourGuide.service.RewardsService - ** User rewards found: 1
18:32:04.251 [Test worker] INFO tourGuide.service.RewardsService - ********** Processing **********
18:32:04.251 [Test worker] INFO tourGuide.service.RewardsService - ** Processing to calculate rewards. User: internalUser0
18:32:04.425 [Test worker] INFO tourGuide.service.RewardsService - ** User rewards found: 1
18:32:04.425 [Test worker] INFO tourGuide.service.RewardsService - ********** Processing **********
18:32:04.425 [Test worker] INFO tourGuide.service.RewardsService - ** Processing to calculate rewards. User: internalUser97
18:32:04.823 [Test worker] INFO tourGuide.service.RewardsService - ** User rewards found: 1
18:32:04.823 [Test worker] INFO tourGuide.service.RewardsService - ********** Processing **********
18:32:04.823 [Test worker] INFO tourGuide.service.RewardsService - ** Processing to calculate rewards. User: internalUser7
18:32:05.032 [Test worker] INFO tourGuide.service.RewardsService - ** User rewards found: 1
18:32:05.032 [Test worker] INFO tourGuide.service.RewardsService - ********** Processing **********
18:32:05.032 [Test worker] INFO tourGuide.service.RewardsService - ** Processing to calculate rewards. User: internalUser92
18:32:05.304 [Test worker] INFO tourGuide.service.RewardsService - ** User rewards found: 1
18:32:05.304 [Test worker] INFO tourGuide.service.RewardsService - ********** Processing **********
18:32:05.304 [Test worker] INFO tourGuide.service.RewardsService - ** Processing to calculate rewards. User: internalUser6
18:32:06.181 [Test worker] INFO tourGuide.service.RewardsService - ** User rewards found: 1
18:32:06.181 [Test worker] INFO tourGuide.service.RewardsService - ********** Processing **********
18:32:06.181 [Test worker] INFO tourGuide.service.RewardsService - ** Processing to calculate rewards. User: internalUser91
18:32:06.497 [Test worker] INFO tourGuide.service.RewardsService - ** User rewards found: 1
18:32:06.497 [Test worker] INFO tourGuide.service.RewardsService - ********** Processing **********
18:32:06.497 [Test worker] INFO tourGuide.service.RewardsService - ** Processing to calculate rewards. User: internalUser5
18:32:07.288 [Test worker] INFO tourGuide.service.RewardsService - ** User rewards found: 1
18:32:07.288 [Test worker] INFO tourGuide.service.RewardsService - ********** Processing **********
18:32:07.288 [Test worker] INFO tourGuide.service.RewardsService - ** Processing to calculate rewards. User: internalUser94
18:32:07.873 [Test worker] INFO tourGuide.service.RewardsService - ** User rewards found: 1
18:32:07.873 [Test worker] INFO tourGuide.service.RewardsService - ********** Processing **********
18:32:07.873 [Test worker] INFO tourGuide.service.RewardsService - ** Processing to calculate rewards. User: internalUser4
18:32:08.237 [Test worker] INFO tourGuide.service.RewardsService - ** User rewards found: 1
18:32:08.237 [Test worker] INFO tourGuide.service.RewardsService - ********** Processing **********
18:32:08.237 [Test worker] INFO tourGuide.service.RewardsService - ** Processing to calculate rewards. User: internalUser93
18:32:08.474 [Test worker] INFO tourGuide.service.RewardsService - ** User rewards found: 1
18:32:08.474 [Test worker] INFO tourGuide.service.RewardsService - ********** Processing **********
18:32:08.474 [Test worker] INFO tourGuide.service.RewardsService - ** Processing to calculate rewards. User: internalUser27
18:32:08.779 [Test worker] INFO tourGuide.service.RewardsService - ** User rewards found: 1
18:32:08.779 [Test worker] INFO tourGuide.service.RewardsService - ********** Processing **********
18:32:08.779 [Test worker] INFO tourGuide.service.RewardsService - ** Processing to calculate rewards. User: internalUser26
18:32:09.550 [Test worker] INFO tourGuide.service.RewardsService - ** User rewards found: 1
18:32:09.550 [Test worker] INFO tourGuide.service.RewardsService - ********** Processing **********
18:32:09.550 [Test worker] INFO tourGuide.service.RewardsService - ** Processing to calculate rewards. User: internalUser29
18:32:10.106 [Test worker] INFO tourGuide.service.RewardsService - ** User rewards found: 1
18:32:10.106 [Test worker] INFO tourGuide.service.RewardsService - ********** Processing **********
18:32:10.106 [Test worker] INFO tourGuide.service.RewardsService - ** Processing to calculate rewards. User: internalUser28
18:32:10.320 [Test worker] INFO tourGuide.service.RewardsService - ** User rewards found: 1
18:32:10.320 [Test worker] INFO tourGuide.service.RewardsService - ********** Processing **********
18:32:10.320 [Test worker] INFO tourGuide.service.RewardsService - ** Processing to calculate rewards. User: internalUser23
18:32:11.094 [Test worker] INFO tourGuide.service.RewardsService - ** User rewards found: 1
18:32:11.094 [Test worker] INFO tourGuide.service.RewardsService - ********** Processing **********
18:32:11.094 [Test worker] INFO tourGuide.service.RewardsService - ** Processing to calculate rewards. User: internalUser22
18:32:11.593 [Test worker] INFO tourGuide.service.RewardsService - ** User rewards found: 1
18:32:11.593 [Test worker] INFO tourGuide.service.RewardsService - ********** Processing **********
18:32:11.593 [Test worker] INFO tourGuide.service.RewardsService - ** Processing to calculate rewards. User: internalUser25
18:32:12.598 [Test worker] INFO tourGuide.service.RewardsService - ** User rewards found: 1
18:32:12.598 [Test worker] INFO tourGuide.service.RewardsService - ********** Processing **********
18:32:12.598 [Test worker] INFO tourGuide.service.RewardsService - ** Processing to calculate rewards. User: internalUser24
18:32:12.844 [Test worker] INFO tourGuide.service.RewardsService - ** User rewards found: 1
18:32:12.844 [Test worker] INFO tourGuide.service.RewardsService - ********** Processing **********
18:32:12.844 [Test worker] INFO tourGuide.service.RewardsService - ** Processing to calculate rewards. User: internalUser21
18:32:13.795 [Test worker] INFO tourGuide.service.RewardsService - ** User rewards found: 1
18:32:13.795 [Test worker] INFO tourGuide.service.RewardsService - ********** Processing **********
18:32:13.795 [Test worker] INFO tourGuide.service.RewardsService - ** Processing to calculate rewards. User: internalUser20
18:32:13.909 [Test worker] INFO tourGuide.service.RewardsService - ** User rewards found: 1
18:32:13.909 [Test worker] INFO tourGuide.service.RewardsService - ********** Processing **********
18:32:13.909 [Test worker] INFO tourGuide.service.RewardsService - ** Processing to calculate rewards. User: internalUser38
18:32:14.201 [Test worker] INFO tourGuide.service.RewardsService - ** User rewards found: 1
18:32:14.201 [Test worker] INFO tourGuide.service.RewardsService - ********** Processing **********
18:32:14.201 [Test worker] INFO tourGuide.service.RewardsService - ** Processing to calculate rewards. User: internalUser37
18:32:15.059 [Test worker] INFO tourGuide.service.RewardsService - ** User rewards found: 1
18:32:15.059 [Test worker] INFO tourGuide.service.RewardsService - ********** Processing **********
18:32:15.059 [Test worker] INFO tourGuide.service.RewardsService - ** Processing to calculate rewards. User: internalUser39
18:32:16.035 [Test worker] INFO tourGuide.service.RewardsService - ** User rewards found: 1
18:32:16.035 [Test worker] INFO tourGuide.service.RewardsService - ********** Processing **********
18:32:16.035 [Test worker] INFO tourGuide.service.RewardsService - ** Processing to calculate rewards. User: internalUser34
18:32:16.935 [Test worker] INFO tourGuide.service.RewardsService - ** User rewards found: 1
18:32:16.935 [Test worker] INFO tourGuide.service.RewardsService - ********** Processing **********
18:32:16.935 [Test worker] INFO tourGuide.service.RewardsService - ** Processing to calculate rewards. User: internalUser33
18:32:17.635 [Test worker] INFO tourGuide.service.RewardsService - ** User rewards found: 1
18:32:17.635 [Test worker] INFO tourGuide.service.RewardsService - ********** Processing **********
18:32:17.635 [Test worker] INFO tourGuide.service.RewardsService - ** Processing to calculate rewards. User: internalUser36
18:32:17.969 [Test worker] INFO tourGuide.service.RewardsService - ** User rewards found: 1
18:32:17.969 [Test worker] INFO tourGuide.service.RewardsService - ********** Processing **********
18:32:17.969 [Test worker] INFO tourGuide.service.RewardsService - ** Processing to calculate rewards. User: internalUser35
18:32:18.386 [Test worker] INFO tourGuide.service.RewardsService - ** User rewards found: 1
18:32:18.386 [Test worker] INFO tourGuide.service.RewardsService - ********** Processing **********
18:32:18.386 [Test worker] INFO tourGuide.service.RewardsService - ** Processing to calculate rewards. User: internalUser30
18:32:19.226 [Test worker] INFO tourGuide.service.RewardsService - ** User rewards found: 1
18:32:19.226 [Test worker] INFO tourGuide.service.RewardsService - ********** Processing **********
18:32:19.226 [Test worker] INFO tourGuide.service.RewardsService - ** Processing to calculate rewards. User: internalUser32
18:32:19.267 [Test worker] INFO tourGuide.service.RewardsService - ** User rewards found: 1
18:32:19.267 [Test worker] INFO tourGuide.service.RewardsService - ********** Processing **********
18:32:19.267 [Test worker] INFO tourGuide.service.RewardsService - ** Processing to calculate rewards. User: internalUser31
18:32:20.143 [Test worker] INFO tourGuide.service.RewardsService - ** User rewards found: 1
18:32:20.143 [Test worker] INFO tourGuide.service.RewardsService - ********** Processing **********
18:32:20.143 [Test worker] INFO tourGuide.service.RewardsService - ** Processing to calculate rewards. User: internalUser49
18:32:20.685 [Test worker] INFO tourGuide.service.RewardsService - ** User rewards found: 1
18:32:20.685 [Test worker] INFO tourGuide.service.RewardsService - ********** Processing **********
18:32:20.685 [Test worker] INFO tourGuide.service.RewardsService - ** Processing to calculate rewards. User: internalUser48
18:32:20.718 [Test worker] INFO tourGuide.service.RewardsService - ** User rewards found: 1
18:32:20.718 [Test worker] INFO tourGuide.service.RewardsService - ********** Processing **********
18:32:20.718 [Test worker] INFO tourGuide.service.RewardsService - ** Processing to calculate rewards. User: internalUser45
18:32:21.155 [Test worker] INFO tourGuide.service.RewardsService - ** User rewards found: 1
18:32:21.155 [Test worker] INFO tourGuide.service.RewardsService - ********** Processing **********
18:32:21.155 [Test worker] INFO tourGuide.service.RewardsService - ** Processing to calculate rewards. User: internalUser44
18:32:21.873 [Test worker] INFO tourGuide.service.RewardsService - ** User rewards found: 1
18:32:21.873 [Test worker] INFO tourGuide.service.RewardsService - ********** Processing **********
18:32:21.873 [Test worker] INFO tourGuide.service.RewardsService - ** Processing to calculate rewards. User: internalUser47
18:32:22.301 [Test worker] INFO tourGuide.service.RewardsService - ** User rewards found: 1
18:32:22.301 [Test worker] INFO tourGuide.service.RewardsService - ********** Processing **********
18:32:22.301 [Test worker] INFO tourGuide.service.RewardsService - ** Processing to calculate rewards. User: internalUser46
18:32:22.760 [Test worker] INFO tourGuide.service.RewardsService - ** User rewards found: 1
18:32:22.760 [Test worker] INFO tourGuide.service.RewardsService - ********** Processing **********
18:32:22.760 [Test worker] INFO tourGuide.service.RewardsService - ** Processing to calculate rewards. User: internalUser41
18:32:22.999 [Test worker] INFO tourGuide.service.RewardsService - ** User rewards found: 1
18:32:22.999 [Test worker] INFO tourGuide.service.RewardsService - ********** Processing **********
18:32:22.999 [Test worker] INFO tourGuide.service.RewardsService - ** Processing to calculate rewards. User: internalUser40
18:32:23.388 [Test worker] INFO tourGuide.service.RewardsService - ** User rewards found: 1
18:32:23.388 [Test worker] INFO tourGuide.service.RewardsService - ********** Processing **********
18:32:23.388 [Test worker] INFO tourGuide.service.RewardsService - ** Processing to calculate rewards. User: internalUser43
18:32:23.816 [Test worker] INFO tourGuide.service.RewardsService - ** User rewards found: 1
18:32:23.816 [Test worker] INFO tourGuide.service.RewardsService - ********** Processing **********
18:32:23.816 [Test worker] INFO tourGuide.service.RewardsService - ** Processing to calculate rewards. User: internalUser42
18:32:24.276 [Test worker] INFO tourGuide.service.RewardsService - ** User rewards found: 1
18:32:24.276 [Test worker] INFO tourGuide.service.RewardsService - ********** Processing **********
18:32:24.276 [Test worker] INFO tourGuide.service.RewardsService - ** Processing to calculate rewards. User: internalUser59
18:32:25.039 [Test worker] INFO tourGuide.service.RewardsService - ** User rewards found: 1
18:32:25.039 [Test worker] INFO tourGuide.service.RewardsService - ********** Processing **********
18:32:25.039 [Test worker] INFO tourGuide.service.RewardsService - ** Processing to calculate rewards. User: internalUser56
18:32:25.157 [Test worker] INFO tourGuide.service.RewardsService - ** User rewards found: 1
18:32:25.157 [Test worker] INFO tourGuide.service.RewardsService - ********** Processing **********
18:32:25.157 [Test worker] INFO tourGuide.service.RewardsService - ** Processing to calculate rewards. User: internalUser55
18:32:25.693 [Test worker] INFO tourGuide.service.RewardsService - ** User rewards found: 1
18:32:25.693 [Test worker] INFO tourGuide.service.RewardsService - ********** Processing **********
18:32:25.693 [Test worker] INFO tourGuide.service.RewardsService - ** Processing to calculate rewards. User: internalUser58
18:32:26.534 [Test worker] INFO tourGuide.service.RewardsService - ** User rewards found: 1
18:32:26.534 [Test worker] INFO tourGuide.service.RewardsService - ********** Processing **********
18:32:26.534 [Test worker] INFO tourGuide.service.RewardsService - ** Processing to calculate rewards. User: internalUser57
18:32:27.198 [Test worker] INFO tourGuide.service.RewardsService - ** User rewards found: 1
18:32:27.198 [Test worker] INFO tourGuide.service.RewardsService - ********** Processing **********
18:32:27.198 [Test worker] INFO tourGuide.service.RewardsService - ** Processing to calculate rewards. User: internalUser52
18:32:27.519 [Test worker] INFO tourGuide.service.RewardsService - ** User rewards found: 1
18:32:27.519 [Test worker] INFO tourGuide.service.RewardsService - ********** Processing **********
18:32:27.519 [Test worker] INFO tourGuide.service.RewardsService - ** Processing to calculate rewards. User: internalUser51
18:32:28.342 [Test worker] INFO tourGuide.service.RewardsService - ** User rewards found: 1
18:32:28.342 [Test worker] INFO tourGuide.service.RewardsService - ********** Processing **********
18:32:28.342 [Test worker] INFO tourGuide.service.RewardsService - ** Processing to calculate rewards. User: internalUser54
18:32:28.570 [Test worker] INFO tourGuide.service.RewardsService - ** User rewards found: 1
18:32:28.570 [Test worker] INFO tourGuide.service.RewardsService - ********** Processing **********
18:32:28.570 [Test worker] INFO tourGuide.service.RewardsService - ** Processing to calculate rewards. User: internalUser53
18:32:28.969 [Test worker] INFO tourGuide.service.RewardsService - ** User rewards found: 1
18:32:28.969 [Test worker] INFO tourGuide.service.RewardsService - ********** Processing **********
18:32:28.969 [Test worker] INFO tourGuide.service.RewardsService - ** Processing to calculate rewards. User: internalUser50
18:32:29.759 [Test worker] INFO tourGuide.service.RewardsService - ** User rewards found: 1
18:32:29.759 [Test worker] INFO tourGuide.service.RewardsService - ********** Processing **********
18:32:29.759 [Test worker] INFO tourGuide.service.RewardsService - ** Processing to calculate rewards. User: internalUser67
18:32:30.061 [Test worker] INFO tourGuide.service.RewardsService - ** User rewards found: 1
18:32:30.061 [Test worker] INFO tourGuide.service.RewardsService - ********** Processing **********
18:32:30.061 [Test worker] INFO tourGuide.service.RewardsService - ** Processing to calculate rewards. User: internalUser66
18:32:30.638 [Test worker] INFO tourGuide.service.RewardsService - ** User rewards found: 1
18:32:30.638 [Test worker] INFO tourGuide.service.RewardsService - ********** Processing **********
18:32:30.638 [Test worker] INFO tourGuide.service.RewardsService - ** Processing to calculate rewards. User: internalUser69
18:32:31.336 [Test worker] INFO tourGuide.service.RewardsService - ** User rewards found: 1
18:32:31.336 [Test worker] INFO tourGuide.service.RewardsService - ********** Processing **********
18:32:31.336 [Test worker] INFO tourGuide.service.RewardsService - ** Processing to calculate rewards. User: internalUser68
18:32:32.185 [Test worker] INFO tourGuide.service.RewardsService - ** User rewards found: 1
18:32:32.185 [Test worker] INFO tourGuide.service.RewardsService - ********** Processing **********
18:32:32.185 [Test worker] INFO tourGuide.service.RewardsService - ** Processing to calculate rewards. User: internalUser63
18:32:32.784 [Test worker] INFO tourGuide.service.RewardsService - ** User rewards found: 1
18:32:32.784 [Test worker] INFO tourGuide.service.RewardsService - ********** Processing **********
18:32:32.784 [Test worker] INFO tourGuide.service.RewardsService - ** Processing to calculate rewards. User: internalUser62
18:32:33.561 [Test worker] INFO tourGuide.service.RewardsService - ** User rewards found: 1
18:32:33.561 [Test worker] INFO tourGuide.service.RewardsService - ********** Processing **********
18:32:33.561 [Test worker] INFO tourGuide.service.RewardsService - ** Processing to calculate rewards. User: internalUser65
18:32:33.574 [Test worker] INFO tourGuide.service.RewardsService - ** User rewards found: 1
18:32:33.574 [Test worker] INFO tourGuide.service.RewardsService - ********** Processing **********
18:32:33.574 [Test worker] INFO tourGuide.service.RewardsService - ** Processing to calculate rewards. User: internalUser64
18:32:34.477 [Test worker] INFO tourGuide.service.RewardsService - ** User rewards found: 1
18:32:34.477 [Test worker] INFO tourGuide.service.RewardsService - ********** Processing **********
18:32:34.477 [Test worker] INFO tourGuide.service.RewardsService - ** Processing to calculate rewards. User: internalUser61
18:32:35.372 [Test worker] INFO tourGuide.service.RewardsService - ** User rewards found: 1
18:32:35.372 [Test worker] INFO tourGuide.service.RewardsService - ********** Processing **********
18:32:35.372 [Test worker] INFO tourGuide.service.RewardsService - ** Processing to calculate rewards. User: internalUser60
18:32:35.921 [Test worker] INFO tourGuide.service.RewardsService - ** User rewards found: 1
highVolumeGetRewards: Time Elapsed: 51 seconds.
]]></system-out>
  <system-err><![CDATA[sept. 29, 2021 6:31:36 PM org.javamoney.moneta.DefaultMonetaryContextFactory createMonetaryContextNonNullConfig
INFOS: Using custom MathContext: precision=256, roundingMode=HALF_EVEN
]]></system-err>
</testsuite>
